6 212 273 122 163 93 9
4 225 224 207 266
3 205 59 186
3 73 283 228
3 80 92 171
3 111 78 194
4 41 148 50 177
4 0 24 185 131
1 52
1 159
2 138 192
2 164 220
2 276 165
4 204 190 248 17
1 84
2 125 232
1 86
1 282
5 102 119 265 100 211
2 251 49
4 261 244 27 247
5 200 172 243 256 153
4 99 260 105 202
1 137
2 254 42
4 62 227 198 39
6 184 214 68 140 35 272
2 56 124
5 11 181 142 279 149
2 72 226
3 285 128 298
3 112 67 233
3 117 90 264
3 286 13 206
7 168 75 95 166 209 101 255
4 23 70 199 55
2 4 47
2 167 110
1 210
1 57
4 88 133 156 277
4 253 196 215 229
4 79 174 64 237
3 249 299 290
2 203 22
4 180 8 136 150
1 97
2 295 280
2 40 61
3 108 195 139
3 6 66 151
1 240
4 197 235 141 1
4 271 20 231 183
6 96 269 242 288 135 274
2 18 26
3 76 45 120
1 246
5 85 294 193 267 91
1 268
6 241 89 5 51 71 123
6 162 53 14 98 115 178
2 216 7
5 160 201 152 278 2
2 25 176
5 296 127 107 113 293
2 43 257
3 74 32 146
2 155 173
4 217 3 48 223
4 187 82 219 154
2 236 81
4 284 158 145 132
3 188 157 109
1 31
2 63 126
2 16 297
4 213 114 291 182
2 239 170
3 147 83 238
3 87 161 19
1 116
1 29
4 10 250 208 130
2 15 44
1 262
2 37 169
1 143
5 38 121 191 106 270
1 28
5 103 144 230 258 12
1 94
4 263 21 289 30
1 77
2 118 46
1 245
3 292 252 69
4 287 104 189 175
3 259 218 129
6 275 134 58 60 281 222