9 2591 9943 9400 7225 2943 7409 6330 3064 265
12 1817 1947 4668 5024 8866 1020 8288 8570 451 681 5629 3658
15 3491 3957 6946 6420 5941 8279 10 6736 9553 4449 7175 5280 1916 5939 4203
8 7468 7699 9531 6444 7583 9279 8398 3335
9 8227 3179 5935 2372 6637 5774 913 597 2067
7 7227 8201 3971 3243 7099 2860 3095
8 2418 5384 1566 9197 5865 7559 9041 4283
9 2573 5762 8436 261 5826 8613 7124 1404 3070
9 1855 3676 2186 3918 8186 6810 3175 3080 9786
11 3560 2476 1975 341 333 6791 3618 5728 8123 791 8674
9 5982 784 3838 7895 9350 5085 276 3652 44
7 4796 5518 6964 6401 1829 5216 6592
7 7948 9714 321 1638 2450 17 9005
9 4887 2642 4076 1128 9614 9993 3880 8957 452
9 9459 8348 9699 3846 650 3486 2276 7396 4865
9 1880 8581 1726 371 2389 1337 6011 6105 8461
17 2007 6610 9199 7627 165 4819 2144 3374 8108 1573 6408 6183 3906 9922 5560 8140 9032
13 5480 9392 2002 6949 6096 5474 8643 1236 2985 7126 8089 2208 1971
14 5968 9687 2729 707 6679 5707 289 7181 3661 1558 6664 7852 4955 8455
17 2346 7561 3889 3594 3022 9062 4176 6790 3528 4568 7897 4218 6227 7977 540 9766 4783
11 7716 438 7992 8944 6176 8496 2555 2201 4013 9876 6992
12 5991 6509 7945 3018 4409 3797 9017 2638 5162 2317 325 2090
13 3647 71 3910 7472 3704 3942 390 2014 5068 4338 5149 6050 8834
5 8253 362 9321 1626 8364
16 2288 1959 7904 7673 9989 669 8083 5714 8172 1124 4606 8552 6073 6853 406 9476
18 9520 7971 4863 6287 6046 5674 5063 6555 8943 4189 4397 2331 2117 8898 7039 6685 8696 6390
17 9252 7658 194 6662 8224 9507 8657 6028 5126 785 484 9592 9597 8541 5395 9590 1822
17 5578 3292 2523 7014 367 4025 5084 7057 5896 3102 8523 2102 5004 5986 4222 9635 9551
17 1545 864 9397 2470 7337 6550 7898 2991 5551 2378 2518 8017 2054 503 7371 5415 1972
16 8402 7599 4005 9456 2204 5917 8122 5031 3914 5992 255 6049 9250 2701 5673 4674
18 9530 2556 324 2071 5431 3143 7872 1895 5724 4182 3996 421 6211 7395 5645 4041 5037 6400
18 4301 6173 7053 5580 5248 2428 4230 3690 8483 5485 3356 4516 4199 2336 1728 3627 7545 6092
7 1114 9232 7342 7242 8672 5780 4700
16 7621 5851 2178 8837 1282 1362 455 1787 361 9445 6721 302 5455 2785 1454 4908
17 6960 2615 4854 6669 105 7742 2500 7954 2052 1448 3543 9317 6860 4609 5111 1510 7723
12 1000 5734 3074 1707 9447 4019 2725 9177 7696 149 9248 5974
18 6463 5954 2283 6133 3433 5505 4447 6947 3043 8233 447 3194 628 8847 1172 7814 1898 4564
16 7972 6622 1354 5980 8341 7589 6945 8752 4 8385 3500 5459 5125 1127 6507 5854
18 2412 7947 7059 7019 8609 4762 2380 4221 8700 6883 6376 7606 1708 8472 7264 2727 3983 7138
18 873 4492 9184 6291 3169 816 2703 9124 5414 6118 6368 1174 859 2962 7592 7049 5246 4180
14 7347 3755 1206 1252 13 1377 9711 1413 1657 7385 7261 9577 1134 3260
15 4679 2677 1142 3794 3063 9379 8540 8053 1853 9713 794 746 9285 103 4531
16 7109 437 2433 2819 9697 8384 1646 3343 2156 5542 3250 9529 2655 7378 8574 9200
17 6879 6850 7521 8838 6089 6955 2602 564 7881 8749 8651 8771 1055 2871 8977 6675 2391
18 9349 3552 1346 7788 8633 5520 9827 2353 7943 5633 9373 7826 465 224 9877 7748 7083 2339
18 7522 3655 5320 3570 4672 2637 6596 3222 7800 6148 8293 4202 8537 5873 2494 7158 7652 2521
18 6834 4052 1659 4172 7000 5306 8468 7288 3619 9700 5855 6344 6731 6174 5791 8347 662 3683
17 1146 3986 8561 5098 9381 933 3023 6262 2354 8954 8844 7419 6941 2409 2733 5956 9414
14 835 5597 2669 8851 5753 3941 4269 1083 308 8337 3812 7537 9690 6998
15 4868 25 807 5470 5736 7291 9040 8478 7386 4582 2371 4513 304 9088 9391
18 8553 6397 4015 8892 7663 9030 9821 7304 5946 9582 2929 5670 7240 7646 4392 6700 3002 1425
17 1140 9732 1561 9739 6674 5430 2342 6169 5590 2827 8058 2779 5207 5329 4456 7302 4681
17 3147 5498 6567 4082 3905 5563 4148 1715 9964 9970 8032 5884 5659 5667 2813 3153 2038
18 3861 6387 1685 1033 5840 6355 652 4490 904 167 3234 7310 8287 5964 2427 3987 9643 4296
18 6583 7483 1229 73 4204 9081 7241 5396 9961 5432 9423 3171 5740 4032 1374 5077 4161 7604
17 3291 5141 7524 578 2754 7650 9336 2451 487 1753 8723 5423 895 4047 5697 2170 3664
17 4520 2654 5683 1645 7191 2894 1722 8743 8078 3506 6147 5797 7831 8320 5418 7223 6052
8 3362 9925 4004 2679 2643 7435 2223 6876
17 4467 3926 7410 4286 8056 1321 1320 4947 4683 8716 4375 6726 1141 1467 7055 9309 3713
18 641 7097 9784 4122 1024 9083 6145 3736 2926 7351 7651 7853 1167 1191 7012 5841 6195 5822
22 9489 5382 3278 2454 1428 5589 5509 3368 5850 6611 6773 1749 7867 4503 6464 2282 4091 9438 4378 7596 8488 142
15 9451 1670 7438 7464 8998 191 4983 4367 1499 912 2752 2631 8381 8677 5398
20 3705 3635 1478 3232 4569 9376 8107 3917 8097 3117 1979 944 6447 7317 5718 1185 4086 5768 56 4186
21 7196 9750 6129 8702 4438 938 7115 1042 6125 6720 7173 450 9061 5993 555 4267 4486 1731 6489 7089 1244
21 3252 3536 3020 8319 6884 5295 78 9737 5758 2100 54 9512 5912 7397 1195 9161 6086 2618 8120 7215 5726
17 613 9569 6564 5975 5782 2037 6300 8663 8927 7918 1095 5760 6542 1782 8972 983 6448
16 39 3088 3227 7744 4072 1423 7682 3293 528 664 4592 2897 1602 6063 9091 4287
14 9509 768 2499 5158 5794 1208 4971 2778 9773 5778 2595 6632 6500 3576
21 4450 4811 4000 8230 6541 8881 8290 9402 179 9363 4563 1768 4759 3935 8221 1488 3665 7489 2367 3003 2980
21 5679 3767 2984 3298 9588 1285 1705 4913 5820 6350 8451 1446 5173 915 327 1052 5439 7973 414 3032 3628
16 1433 5553 685 948 5136 5962 2931 5859 8417 7597 2847 2460 603 9387 5924 7313
23 3694 3774 5570 4405 9726 5168 7720 2782 7878 4530 6999 5238 7062 7625 5132 4089 9502 9494 9269 5575 8491 4598 1288
16 6207 1411 9966 581 6645 2376 4048 8862 2830 5354 1585 9428 4859 8068 4662 3520
17 9249 6904 6075 8619 3740 2836 8641 116 5530 5312 3535 9479 2764 7905 4627 4434 8012
18 1002 6015 831 5561 8188 2003 4381 2115 9105 8206 3998 8580 2953 1846 2807 2193 8655 2659
18 1874 6521 320 8115 8410 756 9552 247 3559 4416 8662 532 6650 5288 4445 1547 2824 8577
20 5281 8780 6256 3778 9894 3699 6602 4150 1479 717 4335 3004 8307 7734 8908 1277 4446 2273 4631 8789
17 3508 9346 5344 7078 8840 1814 2225 418 6958 3590 2194 2290 9145 401 5239 4917 8301
22 1776 2166 940 1847 4068 1699 1180 4241 5532 143 267 4363 4159 9236 2262 314 4464 6022 5631 4993 1202 4778
20 1695 3430 1821 155 8113 8538 8949 8971 973 805 9801 8424 5114 7938 8429 1575 7721 8607 5468 7481
20 7379 7854 1562 1111 5909 9398 9484 9895 424 869 16 1690 861 9863 1906 7908 2080 1607 6528 9746
17 549 4476 7779 620 9639 2811 6323 3591 690 75 4845 4962 866 8636 8647 5321 8046
16 3145 8184 8481 6880 5638 8836 3609 4073 8466 9034 7851 7785 958 7950 9215 8634
22 408 2074 8975 440 894 5895 1703 4599 5174 3363 2970 1535 7590 3526 6812 4472 2471 9108 2243 7964 4553 8850
5 5721 2977 4939 7325 7978
15 3388 4465 2445 8759 5737 8165 1487 5469 8880 5135 8282 6266 4581 6598 9432
11 2660 1088 2344 5224 5336 914 12 8211 6968 2149 8005
12 8306 2759 3968 2088 510 1765 1724 3039 7374 3400 4257 158
14 8596 2896 4401 2119 6117 34 8964 5460 6411 2569 5225 8543 4633 3069
15 7025 6274 1819 8374 8016 5298 8226 3597 5339 6866 3301 7529 941 4541 1497
13 2718 5653 4835 1028 8014 7413 9593 2880 5857 8592 3604 86 7161
15 9723 6543 5404 4965 1231 6093 7980 40 3449 8454 9331 8683 925 9212 9517
16 1067 9609 6761 2844 5937 3853 5785 4423 8265 9157 8495 7540 5129 1029 9850 3734
14 9868 1333 9229 5293 1359 2557 9780 1334 9337 4579 8894 2010 8255 980
14 4829 6644 7679 2368 2726 5893 8959 3345 5450 2672 4576 8098 7869 5784
16 2430 6348 7467 4603 9960 3776 3219 4766 8137 571 1485 6257 1389 5269 4905 5607
16 5059 1108 9659 1219 6085 6978 4326 2540 106 4817 4273 5022 5586 8321 5276 5927
11 9121 8389 1604 9689 4402 6094 1379 7774 171 623 6723
14 4793 4069 2431 173 4193 4441 7622 3985 7565 2097 2361 3100 642 3241
16 719 432 9615 4846 3973 242 3558 1948 4311 9676 7219 2227 77 4943 3399 5942
18 4483 5764 4510 4716 8064 8821 1383 6606 3136 115 8388 1003 6130 8997 4188 8269 124 8942
12 8824 8845 9304 4967 1960 9050 9302 6077 9558 3240 9223 7359
13 8071 5350 6427 8332 4540 2534 96 1249 4743 2280 7974 349 6828
14 7575 5000 8576 477 1073 9791 9163 8405 383 9703 4918 4418 8874 7405
16 8730 1186 4600 2937 6859 4116 3434 3656 8205 509 721 8457 2598 6111 6748 4669
14 9483 8819 6511 7031 5378 7461 6134 2064 4268 5055 9342 4797 2030 9717
17 6252 9231 7295 470 198 272 1026 4322 1837 3898 9198 9518 9499 5057 4589 7780 6546
17 9359 5250 5635 3396 1697 33 322 8349 3613 1059 3318 3943 2423 2161 9753 1673 5490
17 1319 6217 7450 3060 3634 3046 6191 5185 2763 829 1287 5428 8861 6034 9443 7026 7776
16 7760 819 8622 880 6917 822 6014 1394 7168 6284 1683 9098 9470 6604 8769 7022
17 4138 7940 1144 876 828 8081 9307 9587 2492 3644 1661 1887 1656 1001 7185 4707 6533
17 6090 3320 5330 8121 8447 1899 2879 6626 2258 3662 3255 2029 810 3254 1577 2770 1133
17 1563 9160 148 1780 3347 1408 7121 736 1432 5047 6267 6386 3412 3769 2490 3306 8166
18 6031 5391 6562 3959 3680 9092 4333 5844 1754 5745 5019 7106 2814 932 7624 3876 6779 5399
17 6912 4573 7707 2315 6019 3643 6342 8487 9958 3551 9792 2647 395 7354 9532 5476 8185
17 5371 8830 6325 4758 3548 1976 8150 959 5078 5364 1531 6315 1343 4809 1261 5741 6693
17 4417 6894 3166 4051 8095 4612 6224 4934 9665 7719 6569 8858 3819 4459 6494 9942 9204
12 6544 9686 9358 9439 803 8001 1616 3183 5922 4357 2224 1653
18 3827 4439 1935 2004 441 2527 6010 5952 9945 4551 6577 1641 1317 9162 3258 7803 8515 9905
17 7122 9289 2128 5652 8431 7633 3679 5612 3547 4332 346 2101 2757 5547 7571 6310 3984
18 9186 2825 985 2840 2599 1983 6820 392 7011 9239 7676 3660 4726 4760 2253 2199 1247 60
9 8890 6349 2666 9835 2868 834 638 3698 8375
15 1178 1430 815 6873 7192 5549 6313 9990 340 5494 4728 1611 5436 534 68
16 7482 2502 1542 4788 141 9465 1253 1961 5773 339 5640 1301 2545 5233 4641 6684
9 2343 5903 952 679 4997 8905 4987 5270 9243
15 5317 3207 2876 8471 6146 8353 2724 3154 1904 4640 8027 5723 8151 7391 2408
17 8070 6208 8667 8719 6887 5053 763 7017 2987 8501 5016 5833 5725 466 1084 6844 8920
17 6548 1190 548 4054 5322 2162 5536 5003 2567 2027 3465 7937 1928 6434 9811 6919 9059
15 3163 8895 8885 7613 8891 6578 6131 9129 6661 1212 8456 6233 8305 8216 7834
12 5950 1399 1615 7743 3448 8238 6931 2818 7024 7300 758 8802
16 6520 4469 5062 9909 3422 9660 2049 8755 3350 7096 5696 3874 2114 5848 9383 7995
16 262 3696 3848 1118 2379 2287 804 2823 7697 5804 8336 6461 4057 3242 4018 5413
17 2693 7355 7671 1755 47 1456 9978 4968 3034 5202 3455 7644 5435 6870 7348 9727 8372
16 8606 7061 657 216 4622 1712 1283 7027 919 5217 1671 8015 4226 2458 3274 840
14 5437 1555 1582 9756 412 8879 7833 6824 1934 4324 8106 5588 7795 7369
11 605 3654 3633 8778 6180 5313 9812 882 7166 2878 7509
15 6382 8237 4011 8958 3630 3447 1155 2692 1825 1619 386 6619 3352 2746 3244
15 264 4818 1056 2889 3441 5622 5327 3719 2550 8311 504 4755 8612 5046 5302
11 9702 5091 4500 3187 8037 6613 6691 6423 526 6007 7473
19 7373 8000 6297 5830 5373 2462 706 5684 9661 2498 4114 9051 7739 125 5096 5770 9971 2158 2307
20 854 5914 7367 8304 3566 6200 7408 2338 9180 9170 1258 3730 4157 443 5876 3218 9749 9525 2449 8980
21 9663 6665 6560 8982 4385 9478 4433 926 7259 4042 1064 4715 6506 4899 3945 5807 7345 3011 5065 7781 4729
22 2112 4390 2056 4629 7267 6484 7250 6229 6936 8199 7722 7343 7665 6064 1268 8242 2848 170 5458 8983 9241 2719
19 1586 8111 9563 7094 5020 5010 9899 5268 6513 9736 6037 1839 9979 3641 8217 1617 5275 8317 3923
17 1459 6441 4320 7346 7071 1764 5730 3811 4049 1606 9906 9742 204 3896 9719 2789 7855
17 4810 3503 9658 415 2541 2285 850 6074 4850 2488 2373 3588 4131 8092 616 9955 1452
18 8244 8047 799 2474 4625 2196 6309 8870 1298 590 6648 6948 3305 2441 8069 602 6126 1152
22 1286 8441 8929 7020 9541 6470 680 1132 6994 8469 6264 9718 5374 5733 8556 5139 8626 2022 6933 123 6997 9472
12 5377 1192 6988 6530 4748 6388 1089 792 7969 8396 9808 8392
7 6365 6321 5919 9006 4999 3995 1312
11 3887 6753 5255 2517 2443 6539 8463 4178 3499 1718 1210
17 6581 9360 2480 6009 6769 1977 6976 1199 8608 8141 1378 747 5142 8050 4391 7 2210
16 8038 1344 6259 6475 7828 4362 1991 2579 2755 999 4695 5150 6275 6881 472 9014
21 4249 8994 1422 7836 579 7546 2416 1051 4128 9117 3313 5945 2587 4306 1985 9841 4738 1823 1950 5735 9783
10 3515 3539 2882 7798 6573 6959 3048 1011 7402 8639
20 2269 8568 8722 3689 9474 4231 6699 6972 6676 8294 965 5190 5496 7160 6728 5595 2211 6080 6522 4458
22 7280 5296 6495 7068 5394 6158 4636 3737 7555 1464 1923 3919 2069 5088 1836 1618 410 1890 2734 3994 9560 221
18 6740 4321 726 318 1303 5380 1816 3273 7416 1786 8777 9967 6553 9240 7299 4504 7349 7305
10 8048 7013 1849 5492 8476 4891 5462 7639 5419 6651
18 5979 7368 97 4952 836 1435 4901 5810 7164 7714 542 5349 8829 5056 4498 8527 5456 4813
7 2866 9462 4121 5475 8788 8147 5874
11 923 1949 9019 3209 3847 4295 598 4508 1926 6209 3626
17 4736 6614 1113 582 6576 7706 6070 4671 3248 5750 2739 5550 9598 551 4151 6490 1254
17 1022 589 6965 2749 189 377 7488 4680 5831 9367 3142 9782 246 577 5672 7681 8925
18 2709 884 9533 7316 9179 3496 6688 994 8917 3186 1181 8264 738 8974 1801 3589 8138 4399
15 798 5891 5164 4588 7680 3788 7718 9119 1599 9716 2597 1809 8910 3801 9959
8 6855 9048 446 3321 7436 971 3000 5318
22 0 693 464 7635 592 636 698 1363 9770 8526 2697 6545 2530 5559 752 4911 2059 5677 6846 8174 4118 644
17 5254 2589 6907 4991 4144 4235 2192 4852 3221 9275 4243 3768 3480 8404 9189 8002 6317
21 3557 5821 5662 9601 5908 2359 1341 7789 4768 351 7235 9973 9624 6303 7328 2535 1274 8680 1107 1680 7144
15 584 9921 3733 3708 6868 2769 593 9606 4994 2932 5408 5252 1291 7216 4670
14 8200 137 3758 1284 4763 8893 6038 4030 634 9437 2905 5755 2175 5179
19 995 1763 258 643 6597 2857 1893 9540 2812 1537 9647 5703 1775 4964 6151 9369 4201 2388 4160
21 1736 5858 3850 486 3722 9845 4523 8170 1651 1795 3204 556 4974 9399 4310 5666 6715 469 4383 197 8941
17 1789 2735 5444 702 9175 1126 1093 7669 5203 6235 2610 3944 7462 5355 705 2130 1662
18 4181 2486 5815 762 360 2370 7756 8808 1891 6460 8579 2772 6973 2522 9573 6045 3275 1798
17 3312 3614 6582 6114 2134 3771 844 3494 9299 3404 2870 2306 2195 2066 4780 5438 8569
16 6801 499 8935 7277 7782 134 8011 8618 3076 9896 4477 3883 5521 3128 8775 9203
12 594 9954 9804 2289 5918 7268 4856 1295 4288 8043 5204 8169
21 7528 8139 3620 7535 7497 5134 2092 4992 2592 1709 6792 1766 3407 3687 5052 1570 9365 3189 6084 1740 4067
22 6914 8950 6245 7703 3315 285 3964 7125 3210 5347 9919 8359 2877 1526 8729 7297 2826 1704 316 4303 8452 4460
16 2237 350 2983 1023 3702 2609 8354 3300 1954 6701 8090 5122 6295 7582 4216 53
17 6692 5067 5557 3537 870 7228 1086 3289 4079 7093 5264 5443 9028 9616 7073 6505 4023
16 8793 6362 368 6333 205 220 9230 2440 4963 9174 8535 7404 8818 4951 5277 3093
18 6825 7376 3810 2670 1944 7352 6813 7563 293 7459 4647 1964 2728 307 5905 8327 6890 2043
17 2777 9763 5471 4936 4548 3748 5687 1590 5097 9221 9259 7674 8041 344 7517 2169 8589
20 2649 4948 2768 4191 288 5811 8010 9829 1092 7426 6314 9123 5786 4506 5508 9095 4864 7034 5543 3348
21 4058 7519 8326 8520 1426 2481 14 2668 5232 5159 7668 3310 1149 5104 9131 783 9085 46 7896 1851 7412
14 9600 1131 313 3936 7659 3600 5953 7338 9777 5434 3172 4129 3195 9767
17 6913 9021 9862 4329 329 4570 5599 3856 5682 2553 4708 195 7841 9280 3674 4474 9222
22 8886 7713 1009 8028 1970 928 6430 6066 8767 2478 1831 4929 6756 4747 185 4192 9148 7485 611 6599 7702 7238
18 249 2177 6616 6501 4364 2407 7577 1390 2131 1760 8142 9500 1164 9527 3932 8939 4185 5249
18 2678 4317 6214 5637 604 7051 6516 7700 1129 7729 8849 4769 7527 7439 8572 9 5389 9343
8 2191 1721 306 8249 1398 4946 2188 4978
17 2582 9648 4838 1326 6035 1744 1868 8432 1569 9366 4242 9413 9094 7324 7105 8732 4484
21 1194 8278 609 1102 977 7816 8995 7090 7143 9444 9457 7100 176 7427 51 6709 1205 3653 7002 4179 7824
14 9372 1706 4823 3608 1623 7183 5121 8724 1758 4156 1148 8443 8171 404
17 8632 3028 1143 5934 4799 3360 7340 4635 3965 7375 4701 5943 6957 1576 7664 8734 8499
19 1040 7176 6124 4373 5877 5064 4065 6301 8281 5572 2277 6324 2903 3563 1044 6055 1482 1643 858
21 6222 5426 6518 5898 1538 7195 8936 8996 5103 7731 6481 5338 4928 2087 4904 6487 1677 7825 1226 9260 9332
20 8102 6600 3828 8999 558 4123 7119 3256 7705 5650 5690 2111 3019 2350 3804 1183 3787 8352 1678 4081
23 3580 3809 8156 8254 7753 2680 6320 1046 1462 3571 3322 9949 9839 3264 9281 2139 5265 5446 910 8735 9887 6943 1207
21 4337 8276 3833 5842 5669 624 908 5608 2612 3395 79 9555 5286 2948 4741 345 1091 9126 4102 7538 9063
19 4255 2171 631 2251 3334 6340 3534 8331 9580 6249 8004 7437 8922 8127 567 3711 7258 2259 4075
9 9840 9287 2923 4265 9771 4723 653 407 9937
18 6143 3030 1524 8820 3453 1342 259 4238 7533 3825 6954 9898 5231 6673 8919 3151 6194 5923
16 7218 9044 9836 5819 2310 3158 7252 8937 4298 5928 7187 8333 1230 4237 3131 8479
19 2099 9760 3216 5094 4779 9599 6241 774 2993 3700 3592 9064 4611 1571 4480 6095 6781 8654 3115
18 1785 9754 5626 7393 1860 2922 5481 7917 7446 9220 4754 3376 7991 8008 5039 1621 8178 8109
11 789 6462 1376 3432 5671 8852 6428 1574 1147 3126 9931
21 4419 2806 454 6127 1021 921 5223 4107 5178 393 7727 2740 3525 6557 4053 5987 4126 1290 270 8467 136
17 7088 8605 813 8508 2936 9998 2722 6113 6250 2716 3955 4299 9775 8100 5242 9938 4676
22 8661 9579 1322 4584 5868 1007 6225 3844 6465 2326 4198 1153 8258 411 4239 9093 3096 6204 1082 939 3378 3871
10 6197 6293 2122 5245 2142 8192 2302 4702 8131 7955
20 3650 7113 1442 5556 7899 7579 332 8564 2715 8624 5582 4092 1921 6232 2257 2312 4771 4229 6016 3286
11 8073 3246 9865 5742 8422 3749 3417 8197 2103 8781 757
18 2851 2491 6018 6099 4431 898 8536 2572 2886 673 2034 2421 7649 6258 9793 9430 7400 7281
12 251 2265 2805 1579 6744 7813 8026 8966 3884 8427 1279 4271
18 9986 7075 2031 4140 1654 6405 4722 8082 8701 8507 9535 1649 3505 1150 7694 3920 8567 9149
17 9735 8599 4572 233 6725 8904 6631 1304 3759 7607 7871 1318 6589 1401 3744 3423 144
17 7957 174 1356 6678 3688 8623 2246 7028 2154 5973 2001 3365 2843 430 6950 6246 3287
19 7997 4836 5260 384 8934 1280 2091 3502 9607 6891 5544 998 2855 7046 4413 7001 4721 8223 9604
17 7844 4717 9682 2645 9741 5486 9057 6417 9834 1115 9630 2839 1506 7454 9099 1691 8985
8 5711 6517 5326 107 2094 3897 8087 1270
19 3890 4898 7600 1554 4177 1016 3472 5506 3533 3782 839 1368 5144 4236 6472 2994 3727 6872 6837
10 8173 3729 8986 5969 9843 2456 99 1929 6479 7820
24 2411 5325 7835 3685 935 6911 4751 8566 9787 1 2483 7392 3598 9176 4292 2374 2761 8863 2358 8714 5073 797 7976 4841
12 7771 5441 776 6624 42 727 4308 6835 4927 7617 1336 3878
19 240 3325 2684 3779 3001 2795 2148 8057 6886 9294 7466 8380 8969 1375 566 625 4909 5538 8096
14 9418 8726 1751 7775 8339 5361 6823 3738 9178 8812 3279 6027 4545 2909
12 8245 9824 7926 2940 1484 2485 2750 113 6433 3678 6668 6492
22 229 742 7601 6477 1385 2300 1878 35 5961 9453 1875 7758 1927 1933 7970 5154 6993 1549 5685 9308 4319 5585
13 492 183 7265 4142 2691 6951 3899 5230 3226 4737 2321 8738 5253
16 5169 5513 4580 1553 4210 2529 163 1238 7530 9772 9227 2340 3290 4574 6667 231
22 8946 3257 4043 9613 1512 2096 3277 1918 2695 5376 2694 7130 1187 8355 7863 7959 5341 3109 6841 59 6754 491
22 905 3111 5883 5664 3324 3090 8857 2405 9058 4735 2413 4614 1350 2849 3419 8154 5931 2656 4454 9066 9173 2425
17 9055 2308 946 8546 539 4482 7142 9764 495 4998 2271 8741 4621 5657 7377 8234 2974
22 6060 3516 2125 2463 6536 871 457 2893 6409 4220 9721 5825 3642 6142 4371 710 8241 6185 373 7269 5515 8145
18 3870 8031 8940 9861 991 1365 471 5625 6617 9389 1508 8846 2575 4650 9683 8084 6273 5128
14 5864 2758 8704 996 8790 9454 6369 8528 1440 1171 1938 4660 145 3950
13 6072 5573 5985 7498 1636 1476 6343 4982 9956 1395 3144 1161 6358
13 7314 820 5294 6165 3084 7358 2744 5932 8765 7184 1832 58 3224
11 881 5071 1882 4632 4565 7487 1242 3302 2606 557 2658
18 3311 7284 7069 2773 3940 7842 3478 5383 8440 1769 127 8756 5002 3562 9797 30 2853 7845
18 4135 2593 7476 766 6966 1358 7460 3820 3359 8665 9688 8554 981 3960 7423 9932 8144 9371
20 5593 8080 9999 4624 4900 6607 5847 2202 6482 8522 8418 4985 4697 8867 9293 6177 3929 3800 1974 2833
18 9897 218 3138 4877 686 8023 5181 654 6065 8598 334 1237 2168 3978 1739 8860 632 2396
18 8762 3008 7056 1105 3492 6184 8414 9977 5793 2544 9460 3405 9491 1720 5392 5564 4215 3458
22 879 8430 5658 8119 3703 7767 967 4862 8620 1119 1085 1436 9534 1957 5362 5694 5467 8884 5015 8907 7480 5259
14 5533 8373 4361 9748 1481 7147 9322 5482 4554 2221 6660 6732 4509 1952
21 8809 31 8239 3389 3104 4772 4753 26 8888 6566 4134 8248 8475 694 4961 9673 8810 5788 7539 9354 7981
11 8815 8878 8571 3791 2586 7033 8 4290 7303 8386 4408
23 4744 1610 4820 2510 8718 9253 4212 9578 5080 3773 1077 8110 3280 7290 648 5186 3822 8751 7054 8797 3192 9007 5175
13 1560 7329 773 9997 9745 317 3953 1139 3831 7008 7470 2650 4534
17 7929 3055 6170 4070 4844 3259 2624 5146 140 4294 7356 9854 9488 6140 954 9446 3857
21 9463 5348 1015 8357 8202 9985 2018 9102 4915 5118 3120 8532 696 7858 3934 5290 6918 5587 7441 4803 5195
21 4709 9109 4925 4214 8473 494 2070 3829 9211 5221 4712 8805 2381 4595 8687 6043 8517 3379 8350 4861 8196
18 9817 5813 7711 3193 5502 3006 4977 7154 1811 6787 7455 1310 4473 9911 6826 7832 2013 1391
14 3903 7773 2075 1473 7830 1628 505 9056 8498 4463 6260 3858 1103 2617
17 7453 3297 6371 7157 2516 6603 4147 3413 5634 9206 9594 467 3385 5739 7821 7133 5283
20 1973 712 4931 21 4345 4773 8063 153 9467 3813 5247 889 1520 111 1943 2786 7783 5110 331 8865
17 9740 6319 7688 1525 43 3980 8295 5976 1805 7042 5107 4945 6697 5075 4562 8744 3834
19 6745 4475 4084 8565 1474 8506 8720 1486 9143 4757 9353 860 7058 2469 9650 5487 9122 937 1136
18 8758 7630 3519 5461 5801 7296 80 5900 5258 9939 4165 2447 1688 5767 2707 3392 955 6827
20 7432 7924 2487 4205 5198 8666 6282 3900 2629 3137 269 5836 3191 4251 9193 8369 6990 626 3886 3517
21 7662 5072 7239 2214 2710 9586 1894 8906 188 6503 1939 6788 397 6106 1080 1793 6453 2965 8183 5869 9427
21 5147 723 9436 9929 7127 5412 5717 3868 6935 1409 1879 6899 2011 2915 7801 1820 8054 1173 6352 1958 1483
17 3178 311 6384 2966 7193 5171 6445 8512 6276 2888 3881 5759 2743 9893 547 2185 4519
21 5705 6830 8099 4830 2698 2619 9608 7520 5484 3304 7496 6157 9501 6535 5115 6852 7985 9339 4883 7112 5592
13 4470 7678 1035 3792 5787 6653 2594 931 7079 1792 5722 4305 781
14 9301 180 209 5340 7513 2664 7983 4461 7244 3021 8676 1418 8308 9605
18 6480 7458 6793 7556 1633 8534 8745 6078 3223 1397 5105 2215 9758 1848 7514 7308 9781 3569
9 81 2887 4950 4368 1130 9591 8117 7382 4197
11 4802 4941 8215 9575 3764 1742 3282 1437 4750 8709 2252
22 7501 684 3742 3507 7536 4022 2021 9497 8298 3752 764 7951 9677 1797 4675 6354 87 5504 4146 6374 3854 4837
13 9090 9377 9076 2820 1262 2311 5011 989 630 6454 5790 9994 7839
22 7815 8913 9920 4275 767 4698 4812 2063 6431 651 8325 5108 5166 2019 574 2165 7044 1540 8764 8638 4422 4350
20 8189 6762 5365 6647 8458 3296 1835 4561 2765 3852 3454 7923 1300 9638 3818 9858 9120 9794 7469 6789
15 4493 8968 5152 8798 5648 9029 5156 7906 5030 5616 7307 2628 573 5131 20
18 600 1546 6152 3990 323 2247 4942 6962 235 2564 1137 8689 1730 420 7953 2255 8076 2554
10 9403 2384 488 3303 5781 7163 7618 4791 1043 9334
22 5343 5646 211 2155 688 9313 2546 9542 3718 5676 2016 8345 3079 9524 2475 5527 1259 181 790 6079 9115 2563
10 2747 6527 6306 5926 8399 1468 7670 8222 4719 5814
18 1246 4727 962 9567 5161 750 6154 6318 5370 4453 2946 9818 9747 9008 5196 263 2671 7755
22 6499 9636 493 4100 3731 3014 9146 1781 4832 8182 4639 7667 1239 7047 2683 2295 5775 2219 9873 3518 3040 8710
9 3202 8231 416 7944 3380 6351 5273 110 184
7 8563 588 3428 9351 3677 3577 7641
16 364 6680 3728 9380 2995 5316 5463 5099 2249 287 1909 7283 3695 7257 8371 4916
18 310 5197 5457 6817 9152 7102 911 2203 2653 6847 3796 9669 9860 8423 9521 7350 2028 759
14 8773 9471 6895 1987 1946 9266 7315 5333 8519 436 1658 3514 3097 2189
17 9550 722 7623 6032 1213 8459 1858 2908 9172 8322 2850 6612 294 413 1099 4457 1158
14 8679 7182 3578 6687 9583 3015 9984 6294 5051 7123 7311 4524 7213 2267
15 5307 3134 7609 9933 8340 8344 6102 4644 8753 1514 4547 8770 667 9545 5798
18 8490 3439 4006 3624 7387 1813 8162 2865 4996 855 3237 9025 8497 5342 5731 2073 8897 2775
12 3337 5226 5479 1915 3599 4505 6391 2472 1600 7335 6690 3336
18 5997 9251 1936 7643 2382 8335 6112 252 1490 6230 5623 5206 3649 3162 4517 2616 960 1293
18 2147 3751 1216 9100 9621 4380 2717 7516 4272 9154 7560 4262 974 2024 4578 9069 3872 3931
5 6514 379 9515 7362 8235
14 2298 6377 3438 3042 4542 4133 5930 3863 4009 9892 4312 6017 3026 793
22 9503 4559 4412 6735 9153 8948 8061 9047 7747 770 8365 640 8065 9374 5754 9214 4145 2873 4923 1581 4374 5127
17 3265 5332 5732 7859 8009 7285 6572 4577 6389 9814 7902 6372 5058 5796 5388 2400 6440
17 1666 7909 6416 2690 3431 1156 3975 8658 3481 6683 7642 160 3106 9318 749 1120 1903
11 3061 4325 943 1559 3981 7052 2152 6288 3860 7526 9522
9 9880 8967 2630 4488 3587 8132 5033 5938 7424
23 8251 3504 6 6226 8356 388 2549 1663 3512 9708 7101 6087 2057 5644 4158 82 5772 1865 3529 811 213 6364 1019
14 4127 8727 7930 2334 2762 5897 9991 5454 3586 4638 5555 343 8066 6934
22 6724 2944 1289 1316 5021 5776 7934 9856 4857 874 2964 1060 3125 9053 7942 3268 426 8313 9181 431 9536 2508
9 129 8670 4012 988 1824 9315 7279 562 6394
11 5604 1135 7275 6006 7032 8480 7087 9667 9390 868 8648
19 9011 4949 8493 3116 788 6311 4154 614 8839 6775 3408 8516 7786 5427 1360 1361 2493 8442 3369
19 3330 4352 1652 2933 4730 9755 8739 1260 7960 2364 4539 1025 9434 3165 3062 5029 2914 9201 7131
18 3091 9910 576 2509 3338 1806 2852 9668 9024 5363 7403 5420 7885 2583 1006 5251 6341 7221
22 7146 3805 3161 9788 1565 507 1431 5660 535 4940 481 5603 1702 4995 2685 1036 2864 5752 6443 132 4103 7818
8 7206 4152 8180 5512 1329 3386 8091 4522
12 7433 984 3485 5314 1859 7866 675 1951 5397 2047 9562 8036
8 2736 9924 2457 3671 9568 1675 6057 6347
12 1339 5639 6242 2333 6588 899 5609 8363 4010 5026 5368 4451
12 7581 7037 9441 7523 4120 2182 3075 2012 2895 2604 3010 366
9 9927 2561 5109 9277 1665 5832 478 3087 3415
9 7110 7510 888 4692 2222 2138 6702 5606 1419
11 7632 4774 1380 4785 4710 8366 1624 296 236 8232 6271
11 2528 8240 3041 4538 6953 3098 7016 5102 1698 4688 3780
14 6190 2954 6819 7390 5044 5035 8453 5680 525 5429 4425 7752 63 4348
14 4557 8297 7749 8426 1371 929 7725 9013 36 5647 49 7765 2625 2862
11 6686 1642 5581 6432 3567 9940 3712 818 5936 587 729
12 1159 7733 3835 2968 4926 1472 2689 5894 7888 3150 9468 2046
15 8303 2330 8947 7892 6302 9290 9656 2730 7880 6525 5529 7603 274 5119 480
14 4646 7778 5491 8843 787 1307 4166 6406 5546 7214 7443 9918 9169 8712
15 2212 9649 6116 5749 8678 6766 2796 330 3954 8600 8625 4083 234 9759 5209
15 3760 5138 9026 4162 207 1877 8842 5596 595 1522 9218 6088 6568 429 391
15 3341 4415 9798 5066 3180 883 9908 8875 1388 6231 6240 3283 9802 9776 4277
11 978 9548 5632 1962 9384 2410 4745 6285 2218 8060 5407
12 5886 4175 1427 6005 3750 5236 7615 9855 3094 735 1669 3724
15 563 1400 4340 4956 6243 9431 6979 6802 777 7132 1076 7695 6586 6585 3346
16 7444 9245 3081 382 2284 1495 1802 8409 7095 5688 6534 9340 7777 2394 7566 5720
17 1381 8086 2706 957 561 964 7165 4932 201 2435 8921 8602 5524 5989 3716 5328 3561
13 7804 5621 298 1327 5117 4280 5284 9674 9396 8754 7035 5972 9326
16 2951 4824 7757 4274 7504 5401 4427 1679 6559 8460 7202 9516 2200 9916 8045 1278
16 3381 6910 8334 3229 7233 1096 5618 1969 1457 4649 9296 7751 2489 5617 1841 3977
14 1778 5920 2981 9147 6281 4556 1112 6346 5483 4132 5817 9329 6770 5244
15 5478 9258 7490 9385 5977 1747 4108 5978 7591 1351 6278 108 1701 8130 7204
16 6591 2132 8029 2461 1676 2198 7802 5331 5357 2242 6595 5871 6040 281 2621 4444
16 1803 8792 538 6251 2000 3681 2676 8931 7425 1556 363 5665 2496 7766 6750 6436
17 9693 7050 9664 9903 6212 6840 515 580 1014 7479 4149 6468 4354 4448 1306 1696 6236
18 1027 9642 3741 2263 6634 4442 9946 1049 3927 7996 9904 745 2842 7728 182 6439 4731 9217
18 7684 5008 4953 1889 9270 3911 8909 4691 4976 2025 1588 5153 6981 3059 3581 1748 2863 8690
17 5649 2026 2124 550 5346 3118 2514 28 5630 4095 6153 7262 3238 2349 479 5940 5594
17 1998 5334 6104 2032 6155 9653 4169 8987 3429 2299 3071 9915 8841 347 460 1366 7822
17 4528 18 7363 4678 7511 8825 4040 3012 1166 1622 2120 2721 6373 6867 1901 2816 6524
17 23 2337 9826 5017 3211 8525 2098 312 2872 3215 1243 8114 5988 8152 4124 7074 6458
16 7015 5211 7150 4496 7248 3031 45 5345 1296 5624 356 238 3909 8315 2035 9953
16 1061 7784 8035 8923 3952 5 9652 7968 5823 6531 7289 299 7170 1070 2157 1038
16 7506 3272 9238 6056 748 3390 7754 9807 4183 5545 2145 3715 6175 7568 7886 6166
18 1922 8397 4281 9338 427 3354 6782 8757 2596 1737 1770 4386 3497 3720 139 731 953 4393
16 7108 5272 6889 8284 1204 4972 8413 5379 1591 7675 9728 6419 1552 9417 3033 4860
17 2015 5910 2172 8902 8194 4029 8877 1788 936 2392 5390 3440 1405 8558 8377 4922 2369
17 6238 6298 6062 9257 6363 2473 2911 226 3235 1308 9461 5385 3836 8280 3107 2005 4795
12 1018 2751 7962 2347 1214 1572 9155 7431 3402 7111 192 4896
18 1956 474 8822 7023 3682 6563 1536 4258 3476 1541 8051 2798 6107 3762 7772 295 1157 4518
14 2939 852 6042 8270 8761 6554 569 2918 2226 9692 796 5274 637 3670
18 3824 9672 3611 5949 6473 647 1759 7344 9097 5095 8393 8514 7082 7532 1614 1517 6289 8267
16 3709 9848 1772 1925 7420 3427 1732 4351 7790 9455 3902 9900 9622 522 8707 6635
17 872 3056 2822 4252 7811 8411 5747 7136 7919 8195 8358 3132 885 4424 3969 7084 3781
17 6515 1177 4358 7210 1074 2627 5229 3595 4284 737 3184 7796 8887 4790 8256 1881 4487
15 4411 8153 1818 9831 6991 1058 6221 2978 4341 9356 5839 3355 4567 7660 5867
16 8330 9744 4432 9513 5531 6768 2133 336 3013 1982 9596 5789 778 9323 6144 5568
19 9914 1087 6327 8006 5738 7850 5960 5048 4024 4626 8500 7875 2961 3456 6210 3882 8210 968 6496
16 2448 867 6247 7610 1094 8218 8019 8685 6929 434 2801 976 5157 1068 8022 8594
16 4420 8900 6755 5540 4468 7518 8387 8275 4479 8584 7544 517 3488 6774 8669 3706
17 7809 5124 6399 7986 6974 1071 5493 6594 2466 398 2266 6339 3484 9875 635 3522 9637
10 2176 9644 7139 9210 2422 2163 7332 619 7593 6334
11 8088 6995 6696 8705 9422 8611 755 5643 4831 8717 5800
14 8965 7152 6335 979 3327 1241 5106 875 6760 1382 7946 9142 5944 2821
15 9803 8394 7891 2524 6178 9435 6938 3344 7029 7586 1892 6193 7030 5266 8684
17 666 5994 76 9547 5465 3173 5257 4314 6759 6681 217 4389 7484 9404 4732 9311 8168
17 3638 5828 6452 7036 5151 6928 9891 3714 4244 6435 3113 3745 7806 2301 3545 3217 8582
9 4027 9528 9762 9113 4620 1966 7708 901 9074
11 476 301 9324 8721 2794 3837 4725 1812 8706 8044 2113
16 3225 3135 9883 2790 6633 601 3284 2792 5761 4254 6421 8668 8859 9796 3956 9646
17 2620 5140 3669 7194 7672 7741 1905 3612 8126 7038 2197 4886 3452 1953 5846 7611 7336
11 4471 9585 7584 7201 4610 1292 9271 900 7151 4814 8163
15 6039 2858 4608 5889 9067 5501 4001 6459 4616 1410 6187 3357 966 9196 743
8 3230 1844 101 906 7486 131 3460 4684
18 1529 3027 2902 9295 2815 3637 9004 369 7634 1694 3523 8124 7932 3198 5319 5177 3110 4316
17 3367 1713 8828 4173 1660 1842 3213 9448 1519 5577 2503 4533 845 6628 5591 5613 1507
16 7655 1421 7189 6717 9810 5610 1931 7452 2050 3206 2229 5499 4097 4315 9312 2055
17 3086 9519 2406 4808 257 3864 5661 5215 7388 8286 5410 2723 3617 4514 3214 2294 9589
16 89 1940 1439 210 9765 3323 8549 4240 6561 2127 2976 4168 3922 6666 2767 9086
19 4604 2760 2495 6540 2216 5834 2608 291 6932 3099 9010 4061 6467 5447 7492 6646 3554 2238 2704
19 3288 524 1682 4074 5489 6630 8914 4752 9885 8260 6627 5005 3832 3684 3982 795 1234 9168 5806
18 5562 687 1367 3181 4261 4436 744 4876 5130 2329 5845 6359 4975 5170 3631 7717 1116 927
19 9864 1533 2998 6322 212 1034 7588 8785 2793 6108 6380 7979 6449 6396 6510 1648 4765 6623 2322
21 7383 9072 1808 9495 5176 7200 6795 7478 559 8437 6051 6869 3464 1762 7251 5311 2437 1373 1826 8013 2363
18 9449 1416 622 243 1551 2136 4339 2913 8391 7247 1990 1444 2845 5571 3185 3285 1403 2318
18 7862 6845 9878 4840 7989 1919 1347 7736 3387 9493 3928 5852 7797 9415 5148 6986 4462 5449
20 9049 8077 5222 230 1513 1225 1854 4366 9849 1594 9822 4403 2890 2832 1544 8482 9486 4897 6796 6878
10 389 7153 3358 9833 1162 3892 570 6944 4501 3568
18 9913 7534 5812 4174 442 9135 7334 5416 8740 5925 2083 5100 2925 70 2623 1445 3140 9936
16 8433 5763 7990 2173 8503 6727 6892 3766 8299 9957 5805 3349 1548 6136 3035 9715
10 5802 2053 7330 6621 3723 5916 4077 6551 3383 2286