25 2634 7450 6295 5554 1850 7654 7537 7879 8411 5075 9505 6910 6135 7202 6442 8706 5690 9600 4465 8301 1710 6318 4086 1858 9289
22 4032 553 6305 1194 4161 8004 161 6706 7927 1099 9994 581 4742 9737 1214 3321 6841 8475 433 2878 9897 1662
25 516 1595 4414 5741 7333 1356 6195 7534 4822 1615 1949 4070 8576 7500 6886 5893 3414 3220 218 2900 8454 9056 5265 8088 5056
24 4780 4226 1822 882 219 8120 2927 8524 2768 6383 56 2141 3239 3478 822 4835 4033 1709 8675 545 8746 4626 7547 5630
23 3171 3662 1478 8026 9276 6281 4560 4798 3341 4524 5050 949 7875 4848 9217 6794 7960 728 9048 4526 7445 1987 1145
25 347 4608 7681 4261 6522 2034 3924 5632 9015 3607 2887 5963 5972 5796 2458 9000 1740 5037 8422 4729 5094 297 1331 7803 9896
23 1215 4487 7140 2211 9520 6637 3386 556 7159 6828 2062 3046 1728 7589 3700 2834 5694 1288 8403 435 9457 3732 4674
24 7804 211 2342 8810 7520 3024 4546 659 5998 1044 4039 8820 458 1211 4680 6523 2952 4726 4234 2427 3359 9478 3885 2369
23 281 8798 2358 3378 89 7669 3375 6884 5943 5006 72 9779 5732 3393 3096 1547 308 1638 3834 9293 1385 1882 2408
25 3358 8772 2807 9448 1236 2199 2664 8196 5170 5540 9395 9184 5514 9134 1381 4475 4975 4986 2230 932 3342 472 8354 4712 8107
22 1743 1098 5184 1152 1689 4814 1114 998 1530 9278 9982 2593 1462 2154 8047 8839 3441 6919 1671 486 3502 945
22 1073 8485 1614 8318 2289 1277 6431 2499 5059 6104 8291 7158 3372 807 2527 5558 4317 2688 1784 1246 9945 525
24 3508 736 4569 7836 7570 9354 3916 8408 3188 6564 7005 5273 172 3557 7497 7588 3520 8621 7122 4351 2760 4310 3616 4427
24 6190 791 2047 5872 2278 3797 5789 3808 7247 3901 6512 4237 3563 7302 5879 3449 9011 8754 4931 5845 4999 8960 7644 5223
24 7956 2195 8542 9176 5565 7108 7903 410 2560 2343 7806 145 1583 4347 3817 9306 6095 8920 7051 1867 1170 9501 8588 3193
24 5280 8418 5122 796 8287 3120 7067 4213 5299 7876 3158 1953 4811 8743 8108 8279 1367 5283 4609 829 1013 3957 3087 2582
24 5956 5436 7790 1901 2212 6840 6020 2127 298 8016 3480 6571 8203 5745 264 6018 8842 537 621 8994 8272 7071 8355 1452
25 2953 8409 4908 1570 7605 4264 2312 4275 5301 845 3674 6150 3118 9629 8510 484 3555 2465 3564 7461 9744 7052 4640 1839 4869
25 8982 6048 5825 7517 7999 8591 177 1420 1676 6489 4144 9148 4384 4783 9012 2196 9259 1251 2580 4023 2495 8105 6745 7663 6089
24 5629 5411 7065 9989 6146 4628 6864 6567 4821 2136 7165 7441 7660 2553 9855 4532 5175 9337 7953 5937 5983 8866 6239 5323
22 477 1154 9108 3368 9006 8059 5688 9620 1470 8338 7873 8956 6590 8328 6665 6993 4511 8161 2109 9373 3759 9196
25 1357 5282 3424 5936 9416 2033 7230 3641 2421 4549 585 4019 9892 3241 391 5083 185 5744 9641 4580 5664 8082 5413 268 490
27 5827 1917 852 6844 1919 4724 3658 257 4358 2631 4954 7118 1836 9404 3822 5081 8005 7112 6675 1487 9426 9442 9220 2398 2923 6524 329
24 466 4820 718 3057 8370 2074 1945 9468 5461 5820 7718 5108 5141 891 2714 2624 8695 5933 5856 1091 7415 5480 1232 9528
26 2135 6774 6324 2802 1034 8571 8778 74 8894 8674 3313 1532 8830 9809 1218 2978 9383 8831 5466 4548 2770 5814 399 8683 6776 794
22 9715 636 5363 20 483 7260 5042 81 4463 3026 9623 8416 6037 2451 4918 4854 6587 693 6302 285 7573 2079
25 9813 243 5813 1504 4992 7623 662 1427 2354 1828 4193 9091 2269 6892 4586 2483 2235 2799 1299 8715 6929 4357 8620 4601 1634
26 2742 356 9724 6039 79 4147 2660 5071 4428 7706 7419 5824 3651 515 8639 6356 6495 2491 3124 4420 9005 1423 9613 1065 1012 427
24 4776 1223 58 2263 7795 7530 9503 7550 8507 2844 1801 1473 8270 8945 8255 4296 1584 802 2617 1791 3141 9676 707 3426
25 7364 3609 8032 9513 3066 2011 1540 9323 4204 6798 3444 6786 3577 2066 6752 5985 6911 5009 4547 3527 5132 4665 9607 9198 2473
26 5964 6784 6796 5603 641 5783 9133 2293 2071 2661 2064 8126 6788 1620 8176 865 6272 8056 5840 2107 3871 7075 2917 9270 2559 7551
24 1724 1103 8265 661 3287 1558 1121 6810 3958 9921 3796 9765 4570 6549 6269 3595 1561 5748 2853 2500 4592 1685 1501 3388
23 224 6526 4323 6819 1631 563 3126 5592 6365 3672 3747 2676 2197 8853 5044 2155 1481 1233 3390 6166 6317 812 8747
25 4243 8189 3600 3569 2388 3394 4510 5093 7146 1981 3403 8042 4738 8881 9782 8857 1626 146 2703 8326 6015 2577 536 7925 7632
23 167 551 7151 9251 2222 5652 6270 2430 4927 2161 1085 821 6924 1928 8192 206 7187 7767 5106 2023 6300 9924 2242
23 2893 7553 5297 5470 3429 8425 3231 5786 2132 9479 4348 5615 8600 7861 278 7649 6834 3215 1305 7409 366 7387 2753
25 9545 282 5463 6221 3276 1340 3919 6499 5092 7167 418 55 8650 3515 6645 7044 9912 3362 196 4552 4364 9917 2392 1861 1932
21 5304 974 2907 64 6678 7213 5070 3331 9432 9928 7339 5888 5163 4022 5811 5234 1663 5444 1931 2539 6759
24 8273 2882 7433 4697 9723 2207 3973 9555 1075 4553 1309 8913 9909 9573 5311 9223 6848 7428 451 5279 5274 4857 1446 7270
26 8143 5911 8682 6377 3608 96 8395 2556 4440 920 3345 261 8417 1324 8852 2121 8451 7357 3964 1618 9065 704 5166 4901 2457 7293
23 7368 9582 3851 7923 4126 4638 3074 2080 6 7242 6314 5362 527 3217 7413 5743 9720 1173 825 8646 4563 1455 4745
25 6215 3242 8336 4318 5625 1311 2575 2514 1137 3670 5004 6615 597 4938 8970 7400 2598 3710 3451 562 431 9883 4868 8144 2258
25 9389 624 9635 5803 1977 5878 4998 8477 7455 3977 4595 7332 7184 7114 7716 4108 6946 8988 6632 154 4136 6329 634 8343 2574
24 5477 8770 1549 3701 522 2059 322 953 5828 6867 9679 3585 251 1207 4159 2981 7604 8981 3596 4129 8692 1569 9456 2104
25 6280 7223 8749 7010 9325 6245 4308 844 8049 2885 9437 8597 1029 2595 8216 28 1337 3584 858 3165 1284 5859 1984 2941 3374
26 5705 832 5350 3154 2006 4886 5855 9680 201 2405 480 788 242 2158 1033 4554 8368 7347 11 277 7420 2435 4509 6803 5663 7955
24 6509 2891 1533 8803 3395 7061 3410 4917 7688 4899 6288 7369 9889 3290 4748 2999 5410 8452 6390 6051 6367 6602 7580 7016
25 98 3320 4293 1730 68 5485 7800 7155 9558 1519 6809 2691 4406 2609 8473 8031 885 4786 2510 9630 8257 2001 6417 4162 6241
24 9026 8363 7192 1396 7196 8129 2946 7585 8028 4391 2680 9060 5579 8190 6641 1041 7921 1005 2606 1224 6775 7197 214 4313
23 4940 9335 4944 3059 100 3005 4583 164 3463 397 4590 9084 9068 165 6607 6413 6762 2608 4387 5981 5924 6185 1092
25 6284 4474 7905 1648 3864 2987 4356 964 6889 5929 325 7386 386 4370 721 1582 5642 6882 6189 709 9396 3942 6780 7711 1090
26 9025 2444 759 3152 8191 8789 9169 441 2985 230 1049 8888 8737 8802 2912 4982 3015 7973 2341 4700 9906 4733 3522 501 9710 6942
23 2245 1797 7647 4099 9530 2910 6223 2775 836 4846 3204 2856 675 5218 9628 6914 6446 1464 7410 9842 5624 3111 2114
25 9236 5478 5245 2895 528 7143 6954 6650 6569 8101 3812 9255 5313 6684 9915 9977 2621 8159 9946 7866 5076 9491 4939 5695 9034
24 4029 3782 420 1450 8757 488 8959 8266 1372 9107 3371 5300 7627 309 8599 9204 5510 5584 9153 4646 9274 8333 6723 4255
24 6304 6513 1802 9071 9178 9484 5953 6058 4885 9754 4242 6494 5975 753 582 2364 9709 9959 3103 7493 9527 9655 3125 4441
25 4446 1402 9935 7380 7459 8373 491 6835 1608 7346 3354 7195 4121 5782 7431 6502 755 5358 7480 4080 3443 9469 7831 7501 6161
25 5468 5412 1525 6750 566 2869 153 6199 9806 1280 2696 221 8652 7169 9465 1480 6010 6574 3945 2303 5546 1856 6850 5858 7076
26 5298 5867 2623 4956 7581 2982 6659 2389 6138 6234 5639 8928 935 1159 3865 6361 2957 9375 6164 6792 8963 2724 6818 4847 2829 655
24 1566 1397 9286 4020 2526 8062 7081 6764 4963 3953 2403 7385 6411 6391 2422 7203 881 9077 1623 8331 125 6368 3841 387
26 8825 7682 2260 6577 5616 2506 358 733 6661 4254 672 3203 9511 2448 7884 9001 4687 8505 2179 4205 5048 4790 109 1273 7571 2651
27 5816 2394 8937 2217 9562 664 1298 3494 6974 1502 5991 3907 3067 1317 7137 8437 806 4097 3366 8224 2653 6736 6821 331 4791 95 9476
24 4694 4442 9579 6432 4285 3404 8381 573 9672 147 9317 8048 7593 8708 5665 4761 1559 5712 8560 4416 9895 5246 8718 9010
24 5453 7976 4695 7885 9769 4978 9032 4512 6225 4713 1449 9566 576 5158 1883 2333 9291 7974 5319 4887 8210 5602 4597 685
24 6975 8084 1621 4221 9206 4607 708 542 7839 4934 2881 6763 3291 1550 2988 1405 2255 2493 5291 3370 1498 1617 5723 4460
22 5216 6152 2719 1051 781 9903 2755 930 9586 1940 5852 4005 3743 7685 2137 1794 6742 4667 6842 2072 2490 4853
25 1624 5568 8225 8323 245 9953 9700 155 35 1020 3738 5549 7996 1627 2477 2088 8564 4708 1650 4685 4422 1990 9927 8419 1355
23 6754 8440 8804 1639 979 5284 6986 4711 6313 4531 8608 3621 2843 9626 8795 6078 7308 9800 765 9880 3376 6732 4228
23 288 7891 9028 9790 151 5594 4802 3194 7398 7753 9252 4877 3132 4648 3970 5962 8975 5381 1222 7453 1316 4045 5431
24 8339 2323 4782 3142 6275 3130 1392 4154 7503 4265 6816 1404 2065 7856 6025 8904 6918 5765 4691 1043 3450 7630 8397 620
24 9018 6488 901 380 9981 3453 1238 7679 415 4734 7 8435 2625 5667 4103 3477 1657 6944 2684 4958 6546 1998 3830 279
23 1875 2883 1479 1552 1171 3224 8077 1074 5271 983 4150 4888 1581 1026 7294 6633 7565 1206 8154 8844 2334 8865 8012
25 5536 4437 4454 4058 9669 7172 75 5264 468 3639 847 4252 7473 2675 2692 6085 9182 8271 1555 4879 4861 8609 274 6793 9970
26 6932 3253 4564 6701 911 9064 9461 9516 6528 837 6116 3620 6301 2911 9402 8066 1521 6370 4197 8993 6498 5989 4379 4171 6883 9848
24 8809 9333 6145 6126 5865 1007 6853 4771 8509 4331 4484 9741 3649 3538 6676 599 1242 6024 8606 5773 2317 2367 4432 1935
23 5651 4866 1961 3933 8289 7041 4476 3610 6747 332 9716 9544 3695 3271 8348 246 2962 8064 9483 5716 3947 9904 1401
27 4297 7331 9856 9664 7783 1488 6802 1406 9192 6081 1881 3097 2031 2809 8713 9618 8304 1258 6344 1947 9968 4085 2254 2357 8484 3037 9831
25 207 2523 1697 2349 7251 3890 7463 1023 3038 3461 3389 1920 1064 4979 6814 2187 7049 7913 7375 6120 1440 5430 4362 3305 6399
25 1454 7701 1767 5259 5382 7023 8237 3787 5215 1971 2725 8999 4500 9816 3437 7721 8611 3330 2010 7043 3222 8187 7307 1649 8200
23 5171 1779 25 80 8130 5623 616 2589 3346 9719 7988 8721 1297 1838 1363 7703 4843 7546 2432 4489 866 9500 3995
24 4976 4453 1203 4775 2991 1241 7000 3357 8636 3297 4721 456 5039 1821 2894 5684 7212 7658 8986 1741 2748 4093 4417 7078
22 8763 6606 5292 4137 4142 657 7451 1694 5238 4196 5591 1904 5788 6536 7535 2944 7610 5253 4865 4339 8499 1119
24 7064 7938 2068 7492 1609 5657 3110 4031 7618 9864 7504 5635 7514 9713 6031 9843 236 5935 5841 4997 6508 5682 8661 8580
24 4815 5902 4340 6108 6359 5167 6112 9241 407 5636 4818 6373 1149 6266 912 5327 9746 4294 8604 5187 186 8938 86 7254
23 5379 9704 8252 2335 5356 6583 4482 5729 4218 248 7456 1832 393 6538 5951 88 5022 803 5405 8441 1322 6692 2939
24 3906 9673 7007 9954 9188 7379 5621 4716 6070 1520 199 8050 8575 9112 3082 5733 5654 7773 4668 21 5752 1593 6813 6470
24 3155 5058 1845 1162 9776 2492 1456 111 4036 2879 4530 7672 9356 808 4892 871 5523 1056 2522 2615 113 1553 139 2447
23 6525 8845 1909 2801 5527 1335 8496 6059 3788 2243 1161 2443 3304 6955 7789 304 3824 9833 1908 3809 3100 6103 8989
25 1436 6948 6290 2576 5909 7872 7350 6366 8379 619 5916 4268 2884 6612 7748 4212 255 8145 2267 8311 9330 4893 1017 6926 5229
25 3579 8879 204 4752 4962 337 7444 294 2487 2286 2798 4584 8488 8979 895 5395 1301 8217 7838 9244 7160 8553 590 8157 5726
25 1749 5631 3055 7602 7303 4327 9570 6091 141 752 6953 7070 2029 4485 8371 8486 6859 3676 3221 463 7977 4698 9041 5033 1208
25 2992 6866 8068 7676 3400 669 5817 1963 4300 226 9537 1679 7099 1527 5548 8824 9140 9063 6533 8925 8079 4593 7989 6553 2438
25 2099 2702 514 5332 6708 2101 3186 5698 2015 9556 7482 4921 9266 15 1936 6203 8104 1957 5484 864 1667 9093 8630 8659 9059
24 1718 9103 3422 8908 104 2542 5335 1787 6783 8670 4677 4139 592 8253 6179 1868 4832 7174 6874 9089 6449 4361 8760 9616
24 4075 6443 2549 5027 1591 8156 7243 967 8855 9046 265 4884 9952 6306 1777 4527 9203 3447 3843 478 7596 8414 6849 6584
24 4529 9309 1292 9568 9299 7897 5047 4946 3405 7554 647 5607 9852 2157 367 9969 6468 4478 454 6268 8783 9599 7801 2720
26 361 8653 9965 3821 7968 8868 158 1884 1854 5145 2356 2411 6247 9280 3886 9228 3889 4281 1245 6621 4396 4135 334 8847 9424 6455
25 8243 8462 3315 5870 189 7424 2667 2054 7097 269 4690 2774 1848 1057 1798 2519 509 3251 6839 8916 9932 363 9316 2165 4598
24 5360 941 6310 8738 2019 9974 9652 7301 1244 3267 1221 6334 6702 5328 4055 2497 5699 5599 2387 228 5589 6700 5683 2536
22 4572 6603 7788 6806 9905 2613 1515 342 69 5295 2181 7842 2669 2057 8305 4360 3307 7283 5768 481 5341 6514
28 6903 1352 604 6899 2488 1696 8369 440 2833 6349 2977 6830 8233 5357 3793 9326 7826 2732 9415 7908 7766 8392 3961 1937 6357 197 2501 3250
24 9267 9551 9937 5196 6690 3373 51 5452 5897 6437 5289 5290 320 6050 1773 513 7033 1368 3159 6483 5922 394 3473 3690
26 4016 9643 174 1342 8782 7028 9645 1270 6572 7218 6109 8467 2627 8811 1703 2233 3262 3666 4915 9828 2733 5043 705 6654 9863 8898
24 8643 8932 1003 3544 5393 9640 879 8871 8964 1678 2189 1592 4429 6627 2945 1780 2626 744 8572 2360 7365 3056 7261 7932
25 4067 3034 9 3122 4155 8817 318 8313 9559 5230 2436 5026 3134 8251 5414 2437 2825 7991 4557 8767 8531 193 561 6060 9763
25 1788 6460 7739 5403 7374 4894 5871 6119 7620 3427 5551 4008 6962 5710 7939 4880 1885 8086 178 3113 10 2730 9865 9990 1819
22 9891 3436 649 8918 2044 9295 5307 5151 8013 4556 8976 7013 5906 6876 2344 8862 9784 2839 9339 3912 507 877
24 160 6008 1853 6998 3279 7017 1898 3791 5982 2004 8727 7211 7287 3849 5373 2420 7435 710 1610 1382 6722 4251 6219 345
25 6555 6657 5575 7882 180 3879 9262 6582 6073 8021 5191 6639 4366 3151 1483 4124 7298 7250 2041 9687 9368 8758 6406 4263 4826
25 2871 4632 4470 272 2087 2747 3866 1560 8231 1333 6714 6364 9639 8360 8954 1526 208 5593 2128 5384 4692 5355 8316 9496 5188
23 2362 8500 2309 3018 7060 3869 1302 6216 6755 8667 7135 3136 9370 4617 2597 5737 7837 4941 2462 3499 5757 531 6332
24 7001 6277 1387 3000 8876 5950 6170 4926 903 3601 607 3715 6749 3431 9722 7961 4276 7824 2138 3966 3048 3282 4273 9055
22 3090 8497 3416 5082 4423 4012 1306 6333 9811 8430 9247 9502 4636 9301 1393 4795 1167 9390 3199 2171 7265 3920
24 6699 43 8672 8041 7366 2153 85 1513 1409 1389 7683 985 5805 4163 999 5385 6222 1150 1431 1265 5320 1897 3872 9533
23 7796 9877 8596 6923 4167 8122 6238 6132 5749 7134 4328 5787 1659 8470 3114 8071 4544 1829 430 6686 9846 3280 7587
26 5178 1841 1786 1729 888 978 9900 2679 9650 1799 7048 7532 4740 9066 4030 7040 3943 3225 2124 1200 143 9971 4555 5474 4232 838
24 6492 5275 9187 2743 1442 5052 7042 3789 9916 7125 8506 7981 6593 1673 2745 1234 2569 217 2722 1 6124 8832 5471 2093
24 6727 8222 7591 8691 9297 8089 9399 3293 6160 589 291 2848 7305 9766 6298 6287 7825 8211 2585 3881 4615 2670 8290 3949
23 9233 7072 739 4433 7149 9753 57 7542 3284 8230 3913 9394 499 2480 7612 5547 1279 7407 6457 2707 2385 31 1804
25 851 8729 9051 2737 388 2712 1067 4623 5971 5314 7558 7171 863 5000 5421 6738 8742 8114 6940 8892 6100 6355 6282 1168 2061
24 7774 8833 3727 6761 8793 7479 492 4505 9118 3702 8907 7263 5137 6061 2552 8869 938 8536 4613 7306 6896 5875 6105 6875
24 9307 1714 8720 7917 1439 6342 7401 1252 1814 5073 5769 6163 5005 262 4495 1934 2592 8987 3213 1708 7772 1093 4799 9499
24 7560 1249 8532 8030 4890 5997 595 8748 3699 3926 3711 426 712 6354 5268 1253 4673 4736 3349 2134 3223 2328 3999 4330
25 5696 6619 683 4585 1619 1905 9654 5701 1783 9789 6689 5512 7555 9777 7241 5098 6469 7599 4177 3783 9210 1954 8375 6369 7024
25 1596 568 8666 9190 4229 3633 1719 9466 1651 496 761 401 8641 9143 5707 1028 7645 5892 7462 7491 9854 9879 8972 5288 6988
23 9214 8859 3512 8139 9397 8037 2036 7141 1507 3767 2279 5408 301 5105 5066 9362 1094 8723 2450 2790 3093 8242 2318
24 5513 2373 3259 8840 3855 1510 419 9406 873 7467 150 3599 471 2027 5340 7360 3317 2601 3654 6260 5900 6740 3969 4395
25 238 7095 422 465 3785 7737 9857 2904 887 3013 2781 1792 8688 3206 1384 4945 4809 2412 6476 6259 6566 3047 8915 5836 4825
23 6751 699 2329 7998 7397 2817 9355 2516 2046 5172 6097 4181 8593 8106 7971 3274 9410 786 5719 131 7098 2075 9908
24 3045 7708 5488 687 9167 5214 5779 9661 3351 6644 6712 9759 2530 3310 8382 7090 9734 8826 4707 8800 9158 3697 5343 2248
24 5201 9898 3769 1237 8219 7050 8511 497 8254 9547 4152 1391 1412 3627 9684 3925 3475 6704 3486 5177 2475 8155 3392 9174
25 1019 954 2395 8180 3839 7498 8990 3565 9565 1388 3591 6289 4486 7341 5761 8796 2316 6079 8525 4642 2547 8997 4987 2463 679
25 650 8308 5583 110 7751 3718 1175 3513 4202 1361 5738 7091 8445 7217 678 6594 9022 7315 6065 1106 9249 8024 4521 9298 902
23 8095 6080 1341 768 2505 830 7244 5404 8632 7406 1647 8212 907 4947 6642 4630 648 4559 3619 7915 8055 5103 6389
23 799 9548 8482 9161 2116 8649 2662 1366 8617 2841 8412 7608 8149 4117 5337 7002 7281 1089 8922 789 2409 3653 5303
26 7750 1629 9940 8329 2239 3053 2920 5107 6040 6920 4604 6881 5542 2567 4004 3934 3774 6629 4903 9260 3986 6451 9778 7907 613 2859
23 8901 6490 6760 4653 2588 2275 2681 7930 9040 4920 4353 757 8761 4969 2321 996 489 2219 1457 925 5873 7472 6034
24 2096 2022 8933 7715 1490 205 8052 8300 3667 2868 1263 7757 8777 986 3189 9135 3583 8209 6969 2727 4905 9294 7338 303
25 1575 565 9772 1344 2454 1217 5425 579 7827 3892 6996 9414 1395 1944 5074 7933 4970 4325 5617 4069 3175 9253 2441 2294 7622
25 701 3946 9381 1477 1153 2140 3587 5249 9342 9403 3744 2361 9230 5930 7220 2142 9938 7280 8123 1973 543 1827 6136 1541 5366
26 5084 8622 6106 8577 7557 5869 3021 4727 8921 2503 6140 5164 4841 409 5364 530 9546 6007 7127 7975 9812 5693 815 3904 7808 567
25 4287 9222 198 5399 997 965 270 1534 1735 7257 6624 5194 3742 8807 5834 8337 7408 904 5969 5038 1088 2268 4810 4522 7733
24 7648 5361 6646 2599 5595 2151 991 8629 4443 53 841 6922 5446 9531 9689 6398 749 3439 2877 1542 2979 6099 3893 5376
23 4074 315 6542 3078 8471 4889 1698 7949 6467 2783 5708 6667 1668 4895 1760 283 6188 7054 6559 106 8627 3848 8655
24 7006 4145 4207 3570 2370 6291 843 2183 2831 2948 1116 6797 6193 4206 8780 4096 4829 1494 7012 3112 8645 782 1782 5169
25 1859 6032 4577 1380 6394 6278 9721 951 4402 3369 6479 7476 3806 6614 6991 5012 3017 4652 6527 777 9398 5055 7252 3739 3289
25 3263 9300 5233 7815 3298 7439 9218 2078 6999 7863 3420 2811 2959 7290 7814 8163 2840 9805 6715 8213 8538 48 7926 8612 4054
25 7888 8900 4365 748 4914 3180 8317 7567 1982 532 5161 4000 7163 9364 6088 19 4676 3517 5123 2872 9733 7034 9783 1509 8848
25 6976 7046 3647 3721 3842 8173 6717 4371 117 6804 5905 3554 7027 6133 8619 2218 5401 406 8671 3813 5597 6902 5353 7671 1370
25 6256 6697 4393 17 2967 7390 8703 1010 3205 574 1133 5764 8883 7525 305 8731 6550 2602 2082 7846 713 5818 9349 9985 8705
24 9514 3655 756 8722 1435 2273 7116 9979 859 9948 5864 6196 133 3898 3398 6285 326 7577 6622 7818 4923 6693 9017 9529
24 3750 1032 7656 2928 87 200 2246 5810 682 7376 112 1045 3340 24 6336 950 924 8493 1336 7729 3454 538 1379 1274
26 8717 3246 6691 5479 1006 5380 3458 8942 963 7486 7657 5456 7355 6043 1927 3730 5638 5063 5143 1903 216 5976 4257 7710 1235 4517
24 3911 689 2160 7869 1803 6904 9871 335 2643 9150 8221 6054 529 1055 4844 448 9002 823 7311 1307 7201 9127 9867 2620
24 6279 610 9595 2106 8327 2232 913 5486 7478 6418 1952 3606 2545 690 6172 3329 6385 6799 981 9207 5850 7515 3166 4040
24 4670 2902 855 8977 9540 4090 5190 6730 6410 1138 9083 8899 5717 3546 5541 1002 2162 3474 3379 8554 7771 1933 6656 8756
25 8755 4258 8341 7634 4686 9195 8276 9162 6981 4104 7225 6441 8198 6220 5182 9647 4911 8460 7066 4875 4988 2476 7370 9910 4730
26 862 220 5392 6573 3568 7709 7361 3068 7714 6925 3939 2726 5569 3365 1467 1789 8581 2642 4209 8325 2259 3144 3219 8442 3638 7029
24 5365 1058 439 2439 5031 2842 9494 5208 7089 3940 4827 7190 8034 3487 7807 5451 6805 6831 3648 2521 6487 4059 4111 6212
25 987 8707 6858 3548 8350 618 1053 8465 2507 5389 9030 3415 7477 6156 8801 349 706 2852 4631 3514 7133 6731 2832 2272 8570
25 9488 6433 6504 2579 4907 324 4550 3377 5131 2384 7510 2026 3069 3691 8501 8274 7978 1304 4047 299 5809 3446 2159 4514 8495
24 6055 5285 2916 2290 2228 8815 4245 3897 5317 3197 9560 614 3556 1872 8712 5003 4672 1774 137 8248 7832 842 8806 8662
26 3578 8962 5715 7566 4215 313 6713 7583 7887 459 9045 3845 975 8240 5080 8931 4693 2721 7326 4028 4127 4230 2424 7126 9619 2918
26 3032 797 2498 6168 7026 6208 3421 7502 6307 9683 6264 5448 7948 3876 4651 8025 7619 14 8285 9802 5501 1004 6341 8094 3634 6456
24 921 4669 6756 2426 9762 3753 6817 7942 9126 5499 9144 1806 1072 2901 5133 5519 2119 7761 4468 6647 7077 6299 5977 5562
24 5028 6271 6552 7964 7153 780 7321 7728 584 519 2905 9553 9303 6927 3862 1830 2969 8533 3133 9829 1068 980 5235 5785
25 853 8624 9550 7734 9920 1640 5121 1347 1565 1974 1900 5918 1095 9021 2363 6847 1147 7696 9567 4488 4855 7154 3202 5580 658
24 6598 6673 4173 8310 4741 5100 1460 1600 3786 8589 1605 4388 4363 2429 3138 116 4160 1895 2973 8867 3121 4993 5755 2400
25 3237 8302 8573 8075 4902 1538 1225 6235 1429 2236 8714 7792 4534 3760 6063 5899 2828 5252 5007 4704 4359 2225 762 3549 3974
23 3668 5386 7271 7931 1811 969 8444 7150 7713 7063 8775 346 1286 9319 2665 1603 8594 9305 6178 819 5015 2673 5322
23 7945 2975 9467 725 3553 2115 9450 6517 5200 3935 1185 2938 5278 3795 9681 6232 8022 1888 9961 2591 9023 2761 8587
24 5294 8330 7621 8206 7805 5866 4214 6516 2320 3792 1815 956 4262 8556 1227 5763 5397 8309 7561 9254 9240 5543 9119 7392
25 7393 3853 6534 3169 9212 6782 8249 4143 2252 9563 6545 7193 4424 2845 3072 2050 5697 7039 7484 2193 9359 8897 7889 3182 183
26 2401 5016 8288 5010 290 9471 1643 9009 7719 7276 623 4722 824 7185 4747 4282 5948 703 9902 1607 6165 5609 5923 4024 4725 9430
25 9029 1216 9748 317 5571 2375 1674 7993 4056 7738 9114 4449 1750 9651 7754 5124 4459 8585 7378 5883 2566 7446 3168 9110 8517
25 9347 2182 9849 7103 632 1727 9304 8522 5101 5181 2133 6293 5439 8998 9608 857 8966 7690 8911 9658 1852 8637 6873 4291 4324
26 2520 9043 381 4647 3334 9341 4241 1126 4411 9631 7068 763 2404 1518 7652 7677 5994 365 7791 7928 995 8953 4744 2340 7874 6448
24 1562 3464 2021 7319 260 5240 3989 29 3500 6945 1758 3541 8398 8552 5857 2299 5110 7429 4266 6420 5792 3978 3725 8656
26 9512 5854 4375 4407 8872 7279 355 4883 3030 8463 2658 6049 1820 9439 4633 6462 1687 8334 1793 8160 7755 6422 3309 2374 7947 2950
25 9536 3430 9847 5742 4301 3012 7615 2017 7592 7705 7862 2298 166 101 2339 4134 884 9314 572 3019 5473 7088 8943 1738 6694
26 9434 1181 5232 3758 4412 1508 4272 5199 5660 9444 3084 2862 9165 4302 3745 6352 3962 7764 8040 8508 8827 8461 7541 1474 9292 8863
24 7934 8100 1415 4605 9179 6758 7819 9310 1328 5490 4256 1120 5807 1653 9866 2880 9094 8133 4149 2180 6529 5165 5890 1105
24 4845 8791 121 2641 8762 9894 8895 4788 7544 3981 9644 8491 8010 2628 3552 8378 7239 695 3504 2694 5459 3063 1918 3212
26 3980 6210 2486 3800 9786 833 4862 4656 1529 8277 5561 7505 4620 126 1630 9036 7058 642 6327 966 4471 3161 7489 4991 508 7036
23 6935 4490 2467 5021 311 8387 9660 5620 1762 4957 1601 7288 4472 6921 4714 2308 7749 3468 3428 6286 4289 539 8306
26 668 4309 7417 2300 6098 1354 3200 1025 8828 992 6052 7246 3232 8711 2402 2359 8489 4457 8238 7850 6521 5958 1929 5853 7189 9976
24 3348 5250 7237 2984 2352 6316 6400 9205 2972 5272 638 5626 4199 2518 4405 7145 9418 8516 6585 5851 2762 867 7389 5140
24 6387 8626 617 7330 6478 7316 5808 5731 2873 8512 240 5539 8487 8957 1844 3675 7548 5186 8278 425 7124 2943 6548 4709
24 9964 173 5676 9819 1886 258 9996 6393 7732 1282 988 7847 6072 9003 2089 8537 1077 9137 9668 9604 5760 1131 6860 3717
24 2931 66 6046 9095 5928 8640 9675 5720 5505 362 8153 3724 3510 259 1256 6737 4929 2616 1110 6688 6951 6115 8926 7142
23 3963 3417 3686 5296 5402 1485 1514 7870 2311 580 9768 4153 5581 9401 9691 6739 2095 6450 1693 2229 4120 32 3558
24 5061 7322 91 5674 6947 6778 869 5573 6905 5150 1669 2240 4346 1294 4220 2932 4203 1104 4561 8168 9575 5767 1564 1622
23 2826 2025 8204 6968 7327 5644 8651 4767 3594 8940 2614 1117 9923 9853 5261 645 6501 3713 1495 5302 3490 5800 3301
24 7675 7069 8332 8394 8765 59 6900 5759 5980 5192 6139 3593 9518 424 7860 5270 6452 1115 3604 5791 8351 4545 2908 8498
24 2198 7009 5045 1101 989 8008 2700 5231 8874 5610 7509 252 4635 4800 7843 9609 4842 6180 5119 3589 7465 677 7464 1184
24 5619 6670 5618 1129 1522 6012 2936 4369 1314 7745 443 4448 9851 8483 9074 1551 7684 1732 4063 4658 8020 5217 826 4092
26 9543 3452 9823 8423 7972 928 460 3140 5572 4335 2690 2270 6375 495 8696 2909 9271 2053 9348 3328 241 1876 6579 7784 8914 3722
23 5507 3624 4663 9078 2773 3625 8015 6913 9873 2102 4627 1182 8281 4840 142 3230 9666 6547 4758 6939 5946 3419 2529
26 1285 7521 9918 818 3243 3525 3367 7756 5978 2194 2899 6182 9698 5148 4421 9583 4435 2789 4290 3466 6162 3703 1511 976 5212 6779
25 2974 5418 1407 505 5398 6183 4612 5670 7892 2257 9067 9464 4284 7904 7556 4026 1748 3770 2739 1320 6404 3285 7275 4743 2639
25 3615 2484 6510 8543 1290 162 7821 157 6561 6388 5342 9580 6228 5736 8693 2283 63 6843 7512 2710 1362 2322 9995 22 9344
25 3534 9200 9454 9393 310 5966 3673 6174 4342 4043 8631 3967 4610 9686 7730 7840 7693 1199 900 6505 3854 3077 8258 3035 3622
25 354 608 5426 9374 3794 5714 9637 3768 7809 3061 9542 6308 413 9387 9453 62 8905 3011 3807 8479 4372 2346 6023 2800 6233
25 5671 8110 8526 1589 2998 5637 8768 5582 5125 4622 9598 3547 4654 1612 6077 6862 1351 8448 7628 5481 107 2185 897 5138 4491
23 6142 7568 67 9493 6800 49 7834 2970 6251 8250 686 9069 6041 1733 6171 735 6915 8559 3661 6337 3975 6047 2861
25 2947 3891 1413 6447 5135 4112 9163 6631 4942 1866 4596 606 8117 3489 2960 3245 7686 1343 5600 203 6209 2764 6397 2919 1400
24 9329 6872 1613 7437 3688 4579 9131 7227 4589 7430 6149 2551 1445 1656 438 2415 7231 9770 2224 3880 8245 5590 3748 7768
25 2003 947 9792 3712 1731 7086 535 9636 9490 7282 7712 5089 7667 4965 5661 9731 8344 3143 6101 4072 1567 9463 7238 1052 5567
23 4706 3029 3509 839 2184 9947 2784 8601 2723 181 8263 9263 6540 875 8188 798 343 3852 2113 4062 2386 6820 7228
25 3687 5221 7865 5420 5920 3882 4696 8555 5434 3092 9615 9881 9943 6036 1419 9160 6807 6963 2461 506 3996 6743 6217 4839 2819
25 3303 5116 8792 9024 9365 3728 1699 771 4376 6551 3418 1911 6653 809 8891 6350 5060 3052 861 1346 5157 9931 1528 1272 5992
25 6296 7100 8877 3007 256 9428 8038 4540 3905 7572 1891 2746 7940 1537 3692 2674 5236 7799 9185 8229 6408 4539 6562 8694 2266
25 5798 4943 9193 5961 5306 3023 5521 8733 3283 2118 4990 7381 6832 2481 7641 7432 1979 4382 3459 1219 9775 720 7371 6895 4277
23 1505 5276 4828 1705 9358 2112 5422 6938 5497 1923 8494 9577 9624 7959 7107 3540 9944 7123 5606 8660 7003 7624 6002
22 5134 4819 9004 5476 6852 5995 4386 631 9667 1001 7111 7936 7736 3805 3244 8137 9821 5445 323 2935 485 9707
24 1594 7835 2474 8910 4777 2543 7328 9532 8614 5494 8 8457 8018 2214 3255 731 5183 1281 3006 4851 1176 1690 2699 5544
26 5244 213 2632 8307 5085 2787 1652 8701 2791 3081 5633 1578 3043 4316 4216 9726 9497 6082 444 8377 3799 1506 9436 1486 2718 5711
26 8174 4410 684 287 1330 1308 8340 3115 2645 5159 9588 7763 1851 3930 5891 9405 8686 7266 8774 2644 163 960 8119 5407 1781 5018
23 6053 7362 2337 5648 1375 3170 9008 7373 1228 3445 408 4326 8882 2301 8043 2348 1291 3603 4014 7353 2338 2568 7292
26 6186 4037 8402 4439 4174 3535 5090 9173 4320 9231 3273 7121 7139 122 3381 1870 7635 1672 9234 7578 9242 38 2808 8985 6795 2220
26 5728 5002 6971 1625 3493 3684 4438 3498 8861 8856 856 9911 3176 5065 9422 4985 4003 1939 210 8247 7447 6321 4619 6480 3497 9807
26 9086 9377 5605 8474 5013 7485 5437 8890 2565 9386 6067 9142 4025 2178 1915 971 3495 2754 6176 6588 4816 2735 5227 3550 587 2763
26 9523 1902 1978 3597 4684 3573 609 2544 1686 7778 5248 7941 2380 5957 5687 1039 4964 3079 2277 4567 9090 7236 3927 2324 8603 6263
24 1628 7910 6815 7129 1296 9735 2148 7354 6666 9085 6419 4183 6345 412 2812 6500 4770 4600 1022 1031 1557 7181 9657 2076
23 2347 942 4639 5111 6906 9170 1398 6967 5849 6630 3014 1991 8342 5035 9524 1966 6658 6121 37 9975 5570 7460 9534
25 9674 4341 2850 9572 5781 700 1972 3095 7912 1416 9116 3407 7356 1922 4413 1543 7896 7278 5286 5730 383 6118 2215 7743 2237
24 9380 4881 5577 4133 6254 7559 4710 4897 3818 3923 8664 9549 3402 1677 4128 5091 8410 1177 6532 1723 4649 8455 3888 2056
25 8067 2776 6338 2656 3714 6696 2538 135 6826 5469 6626 3561 4180 2821 3031 7469 8818 4737 3657 972 8241 4464 4191 3028 6069
23 1178 8642 8948 4311 8984 7434 398 3105 5102 5842 3326 6177 1912 2249 9312 7564 1430 940 5409 8420 3526 1958 2804
26 3576 6159 3909 8264 7436 9438 4984 1636 958 9745 6412 5912 8138 9369 6090 8681 1313 1083 6586 944 8673 8185 71 3207 1189 7859
24 2581 3397 598 5390 8081 9486 7670 169 7673 6224 3685 9878 6869 3990 2646 9844 9571 9825 3469 775 6129 5550 3506 635
25 4130 8476 5346 1376 202 5649 559 455 6580 9480 6596 3433 3003 9172 414 7269 6181 1975 2247 8992 2282 2678 1008 6558 8716
25 5874 8941 4027 9269 9016 2697 7208 4538 8635 8284 6360 9569 7412 5450 3335 2456 3211 8186 2470 6685 2961 2238 876 7198 9407
23 4882 188 9318 1899 3147 4201 9171 6563 8151 9798 6187 977 6870 3532 8208 4837 6194 9750 7466 5753 9987 6531 5222
25 9808 743 4520 6267 8633 6909 8557 4703 4625 1447 4599 909 6173 1471 4018 4314 8909 4836 7655 9209 4576 5339 4354 2397 1720
22 4753 9818 1102 2980 8035 7878 2915 630 4731 8260 5722 4274 9781 740 5312 5443 4187 8873 2043 1683 9080 3543
23 1136 2174 2120 6439 8968 6560 550 4233 3062 3826 9391 7232 2287 6320 591 2532 2816 3801 6530 8647 4666 93 9767
22 9642 9327 9729 6648 3746 6414 114 8771 7770 4451 8685 1165 2445 2561 3726 1869 1951 8116 840 5887 3257 8320
25 3178 6662 3008 1874 115 7329 7817 475 7499 3874 1980 1283 254 4702 3022 8628 2306 5088 4906 3780 2792 8539 5556 3605 7344
26 7403 6506 9102 7692 8541 4377 9265 7178 7388 7215 3635 6680 2838 6353 2460 890 3308 2007 1637 3559 6856 2103 7646 520 1771 6122
23 5198 9633 3810 6110 5185 776 1174 2528 4175 1190 3521 7248 176 8112 4582 8259 8150 1411 8567 3531 9585 5142 7317
23 3300 3790 6157 9627 517 9324 2835 8837 2990 8390 99 4298 9121 8550 2200 8935 4981 7549 2706 6726 9949 5614 4378
25 9760 6765 2824 6958 7741 3870 9101 4087 5747 2014 4319 2650 4315 7902 8109 2478 3814 9264 9334 2709 1688 2345 3754 9113 8111
26 4759 1250 7349 3749 7816 7950 2537 1086 4044 7345 5530 4519 2208 9973 6403 4110 5202 2903 8358 1916 4959 8893 7396 3779 5656 6243
22 8569 2280 7268 2391 2562 1994 5096 5219 0 2705 6519 7325 1962 4445 2226 9648 3820 738 1315 4916 4900 5239
25 4785 8269 5627 5587 6625 1360 4746 3049 8061 4936 372 9860 9419 5228 2192 8700 4872 6753 4681 1484 6994 4100 7119 828 1950
25 8996 9796 512 5195 446 5487 1701 4010 6721 423 190 7037 3192 7664 5677 4132 4528 7616 2638 9181 2782 9614 9725 2060 2677
25 428 4094 3347 7830 2431 9862 3773 4190 4050 9958 4688 8860 6395 7823 7079 5211 3071 8880 232 1843 5352 8292 5885 9882 3254
26 2502 351 1027 1327 1812 1458 714 5776 9875 8665 2867 1287 6735 7898 7780 4011 289 2997 4184 9283 6894 2433 6253 7812 751 7966
24 8458 8456 9991 4283 3868 1135 7717 5974 7967 745 9156 140 7906 9332 973 7224 368 3408 4321 8433 3631 4244 9839 9986
24 9409 7094 4017 47 4675 2778 4461 848 8262 670 3652 5435 237 7506 6274 8376 5146 1943 392 9420 77 4280 1097 9794
29 5689 2417 7963 4334 5518 1326 4558 4051 6371 892 5515 307 9795 918 6707 734 4148 4871 8978 3227 7226 2572 7082 9799 3401 9481 5025 5498 2485
25 8794 9914 5087 827 1706 8146 9929 6934 9472 9122 5079 3139 8006 8958 1684 5441 4073 8294 5790 7008 7958 3360 6311 7038 3941
25 1079 6066 9250 948 1535 5180 3696 6396 3456 4735 7631 4781 300 9739 8822 8058 1122 2063 3529 1497 6836 8519 2937 9993 50
22 8995 1231 6378 2965 8469 4874 8295 8029 9625 5596 4381 7422 8115 4479 2964 880 6511 9885 2326 1997 6114 3523
24 8983 2925 9950 83 2780 4179 3863 5691 3337 6987 6811 1761 3336 494 9793 6846 7507 3107 118 6038 3955 4971 3719 8401
23 6303 464 4013 7312 7777 9967 46 2630 6855 7157 1329 2172 1967 3918 4350 1906 6339 583 6376 9477 8244 927 9313
26 2379 6141 8007 9659 9587 6539 9859 2016 1169 8001 6083 4389 1914 3196 4333 5960 4779 1146 3931 7944 8236 7272 2888 348 222 4719
25 4194 7310 1598 3272 6027 4269 4240 1268 8045 4763 9186 3101 7438 767 5894 7536 4158 5847 9007 926 2464 2818 5269 3804 8036
25 4812 3663 3507 1665 6453 578 5428 4497 5727 1946 9164 5104 9346 8347 9098 3137 4271 2741 8093 7852 1941 9061 1108 2271 3218
22 3181 2796 883 6725 1156 2129 6436 7997 1726 7102 7304 6652 1658 8736 8182 7457 9677 2081 5659 984 3488 628
24 4718 2729 2382 9603 5880 8136 6893 7980 772 284 9050 8365 6711 2126 9557 6716 9602 4394 5830 3467 7920 8223 2310 4925
23 7106 4105 6600 5495 4689 1128 1142 2040 5563 8689 4306 4953 2926 6248 1755 65 923 2612 2204 316 1516 4211 8076
24 1180 8135 9109 1262 2210 7540 2540 3838 1834 6503 4332 1880 9285 296 6978 1986 7110 7264 4723 7722 5504 1158 5926 7204
24 4089 7533 2201 2296 7595 6379 3539 8813 3829 5662 5799 3108 6351 7518 2759 6908 9367 4913 9372 4641 7062 1864 9876 5780
25 7528 5053 3089 8413 9035 6773 8889 8566 2814 9062 6734 2002 4345 4235 7113 9245 7170 6733 3528 2738 868 2541 8490 7857 2227
25 7782 4594 3318 9353 1742 9638 6960 4606 2508 247 2281 5464 7916 4081 3971 2866 2896 132 1269 6554 3984 5646 8790 2708 8446
24 7508 4932 8140 1066 4541 6989 149 4930 1563 1654 5576 4948 2857 6153 7668 8127 4267 371 6887 7156 1879 6472 9596 8764
24 9489 9225 8148 6679 5861 6402 1164 6071 9694 2428 500 1763 5255 12 1426 3281 6518 1394 9290 6033 6901 5287 8268 2892
25 5064 473 6473 7598 76 9201 2434 5839 6323 6608 9774 2619 2827 9788 2683 3894 7299 4188 7810 4873 9238 1707 209 9256 7340
25 5692 7359 3861 7895 9749 6772 7200 2261 8393 4146 914 9232 1713 6698 6877 1823 5709 2889 5243 7128 8235 8362 3116 1757 2092
26 1254 2216 1865 9711 8947 2291 2018 4176 8443 5672 7342 1240 2898 3481 9835 3261 9838 3229 2416 1202 6744 54 1500 4588 4928 2231
26 9578 9411 7626 2942 1585 5417 338 4336 3840 4431 860 7083 8261 3332 7531 6035 3664 1112 8092 6218 7731 2740 9296 2097 6851 7880
25 4253 5685 5099 7019 5179 498 4536 8514 7522 1878 3094 3146 6838 2806 384 5833 4138 9343 8060 6454 6917 7881 1744 5947 646
24 7662 1700 6435 3164 1390 8102 3751 7513 6011 1201 5739 3325 9474 4419 899 9345 4657 4001 7841 4048 5447 7093 3859 9649
23 6568 1877 8380 8563 7240 3850 4344 7666 3580 3319 8228 3131 6335 4002 1825 5032 2176 3917 1548 3270 5509 379 4912
25 5242 5262 7687 5516 9455 8548 1084 8704 9955 652 5996 5804 6827 2571 3936 8280 7811 6997 2587 8069 470 7786 5118 727 3248
25 2276 8684 1661 7659 1754 8335 2055 3542 1226 1892 5440 6591 3835 3819 8750 3846 5378 8535 2285 8819 179 4705 3465 3185 1070
25 4774 3173 123 382 7021 4444 1776 8677 1633 4858 4756 594 1310 7206 7391 2264 9272 4224 6086 6576 7209 8648 2968 5321 6372
24 4064 9841 1050 7779 3626 2663 6273 127 2525 1873 1992 2671 9261 1213 2032 4778 4430 1503 1646 6191 5821 1722 7414 6709
26 373 2546 1078 2288 2949 2757 9962 6983 770 7629 805 894 6634 3344 5718 2976 742 1989 2471 4425 8944 8359 886 9146 263 9485
26 813 653 7650 4079 6964 3296 5438 674 130 9092 1586 7291 1655 1571 1463 1847 4352 4995 1069 5877 9412 5024 2983 9507 7868 7289
25 9930 4533 9992 434 9998 8529 5040 931 3678 4864 723 103 8384 5347 6537 1759 4131 7829 6949 5538 7562 5154 9541 3823 5293
25 9706 4757 4222 5329 2994 3982 3900 8784 936 8065 9824 6184 8428 1054 2052 1193 1155 7210 2689 4952 722 2173 4329 6111 402
25 4434 7563 3252 7267 2313 504 2629 5881 4624 2749 8823 390 1857 1469 9427 3356 9013 8070 2206 7452 1349 5369 8131 2750 5374
24 5330 6578 2810 878 3277 359 9610 7255 4456 2383 5391 6477 4374 2966 503 5517 4450 9429 6544 1323 2728 3314 5036 2489
26 7740 555 5640 7471 457 9682 9697 9526 7651 6346 8602 4983 4101 3644 9451 2468 8226 9433 9315 9936 6829 449 3895 9197 2797 9554
24 4749 9525 1691 1293 7575 3352 5746 5921 5585 1926 8886 4041 4699 437 4573 378 6458 5427 575 3040 6863 6541 2117 5001
24 3036 7234 1910 6213 41 4924 1243 1373 4164 6825 9388 4157 9183 6705 3106 4304 9622 8732 7130 1319 7085 7614 30 5904
25 8781 1261 7056 4516 3470 3645 8929 8296 4404 129 521 5432 9100 341 6822 5220 4863 2122 1524 6226 7919 6674 8345 764 3432
24 588 7899 4123 5139 2846 7970 834 6990 9076 8618 1198 6937 4493 6616 36 8319 1580 7152 2284 5348 6628 1664 8814 9576
24 9893 5054 2067 3275 5795 5449 1441 4248 4109 7665 3998 6601 783 5655 6724 5913 5838 6134 4817 5806 6824 8011 7858 1082
27 639 7425 7440 7055 6057 970 640 5 3294 7909 4210 1332 9047 4637 6401 5338 3484 6328 3191 5372 5174 4015 1443 3588 2637 4856 7377
24 2837 8887 7994 814 4961 5775 9088 4603 637 729 2687 7962 644 6107 2130 7586 7747 7911 6029 937 4061 3311 2164 2175
24 570 5029 1611 3761 8565 6623 7285 5034 1071 9268 3355 6801 5993 9611 9801 3816 5844 6204 6985 2611 2659 8478 3162 4373
24 1289 8816 6211 6249 1081 1009 9590 9605 831 4076 3156 5316 8658 344 2423 5442 7334 955 4750 6771 3650 2131 8367 1230
24 6246 4383 4083 3837 1849 1736 3545 231 4678 5819 6535 3908 3857 2704 3571 8046 3976 6087 5155 3586 2274 7274 4562 3798
23 692 8584 6415 6044 6589 6787 1960 6464 2605 4867 4542 7776 8663 4876 9508 5784 120 3602 7087 7300 353 5915 3435
24 8346 184 148 4508 6076 1930 6880 1063 4225 312 5433 2951 4038 2221 8676 898 4462 9473 4571 7162 6426 3944 1968 1451
23 7495 1166 4021 4106 8769 2009 3737 8562 919 4140 9376 2504 8283 8773 790 3752 5457 7527 1444 9922 6358 3010 3195
25 6409 8965 4762 9926 8405 6074 9070 5225 8821 715 917 9357 2686 8582 9275 369 1796 239 3956 717 9869 4399 8388 4950 1988
23 2524 9830 266 711 8799 8215 319 6167 9899 3734 4919 4292 792 7284 2875 5256 4755 8171 1414 5173 4231 7785 2327
24 9919 6912 7117 8234 7526 5762 8605 7053 1716 3884 1087 3286 1775 9593 7104 9780 6746 8616 6486 3098 2250 3629 267 8480
24 5896 793 8690 3988 8834 6144 1739 1212 7867 4838 5970 5419 9239 9132 7637 8930 8201 8741 5023 1195 234 8385 5650 7166
23 3234 9736 7702 9837 9082 6493 5315 8766 8836 5945 4095 9941 3129 7765 1840 8528 8298 4403 6609 1303 9517 6672 6201
25 9462 6471 552 600 7314 5666 2751 5560 7943 39 1837 7727 3680 8753 6202 6014 3776 6429 5493 8917 5424 7057 6605 741 1995
24 8027 8735 8906 6252 2564 6006 8009 5117 5802 4492 8967 5863 4098 518 7951 990 5406 9105 6236 1259 1255 2534 6276 3409
22 8728 1996 442 6837 1160 2073 2930 1465 2466 5601 5394 3088 2685 9634 7853 5766 9044 946 5489 8912 1476 6064
24 3157 5678 9331 4860 2413 461 3994 2929 7164 2008 8303 2897 9703 8583 4518 1047 105 3485 1642 4513 1545 1399 2779 4477
24 8218 6907 6230 8142 2989 4515 6022 4833 7523 5704 541 9564 982 7296 3952 4401 6075 1163 6137 3915 6205 6009 1374 250
24 92 6611 6405 3983 2590 1018 2716 411 7188 1107 3959 3091 6331 5793 5734 4452 1894 6854 4728 6028 9449 7073 3058 3731
24 5496 3102 2771 9081 7894 6045 6649 2934 6343 195 7059 9287 8357 3109 4408 6381 3163 6004 7594 3771 6878 9320 2788 5758
26 9311 811 2449 2110 4337 6515 5770 8322 9653 9458 84 6617 7762 8391 1459 4898 4409 8779 3214 1800 2654 1682 4823 9690 3784 9281
25 7105 9519 4602 4042 1645 7601 5868 8687 192 6575 3413 7726 9495 8787 4295 7352 8353 3054 5281 7092 6386 5068 9308 1921 6861
25 7820 7600 4537 9884 732 292 4614 9421 8091 3327 697 6362 5429 9279 3614 787 4178 1338 3135 7468 7199 4972 754 5848 4850
24 8558 2355 6123 469 6898 4312 1432 3399 6965 9939 7443 9487 6466 6143 293 9237 2533 1461 4113 2794 1602 3041 1295 7423
22 1433 1887 916 8726 2170 8312 3457 2143 8936 3085 2325 6127 5925 9535 6309 376 1489 8396 3617 939 3985 6297
23 1359 5533 737 1606 8321 8087 5344 893 2190 564 6484 8838 7470 8527 3887 9617 2125 8520 9221 396 8214 8349 8515
25 4208 9561 5203 2668 3184 800 2455 6315 9840 6651 9208 3689 9978 6682 2262 1403 4278 1496 1765 4849 3299 9087 1790 1721 8808
23 9656 5359 8752 7372 5774 905 651 5491 4504 6207 7965 2956 2077 3828 3020 7025 2094 1321 2035 1418 9771 4007 9810
25 3004 1702 9983 7607 5988 7582 4223 7691 3479 643 8167 3269 870 7035 7404 2177 2731 5979 6941 7802 6326 467 9509 6728 7074
25 1680 4974 8113 5754 1604 5882 364 8352 5932 3708 3613 9827 633 1000 9338 3174 524 7348 7483 3677 1371 374 2986 4645 2307
24 9423 8426 5559 1061 3167 9149 5176 5193 8846 6380 1350 9907 253 1523 5927 5901 8436 8374 2515 4551 452 400 5884 3683
24 5815 569 3723 2786 7194 3705 6131 4502 8991 9510 8169 2377 5611 5686 5204 3382 3755 134 6972 3434 3729 9177 6710 9870
25 4305 5072 6438 4968 7182 9506 1517 6833 6496 4247 6979 1353 2610 5643 1544 7454 549 560 3338 3825 7488 6741 557 2548 2083
24 5750 6556 7680 6231 7752 5931 7845 5375 4682 8680 959 5702 1770 5680 2425 696 233 2336 360 8023 1300 136 6094 6930
23 758 4859 5257 5778 1229 1493 6636 6312 225 4125 5622 603 1536 4299 2058 6148 2203 18 7990 5681 5502 8521 3997
24 3948 8534 5415 8744 716 1948 3406 3777 6943 760 9901 7131 8702 3566 7262 2406 872 7848 6147 5277 1096 453 3669 8668
23 7363 4806 9597 5797 2396 8014 5823 1011 3226 33 5986 6695 2039 1725 8002 9728 2558 6384 4679 8293 7399 9425 7954
24 4566 3671 511 3070 4643 447 1209 694 1266 2149 2407 2049 5067 6175 1345 9057 2045 1118 8759 3567 8194 7700 8158 922
23 5987 9482 235 8124 889 5305 5895 5331 3080 4578 5017 2314 9235 2513 340 7983 3073 9400 5152 4168 7877 8389 2913
23 1046 622 6768 3960 9302 4831 8429 1369 3637 97 4618 5907 7273 2100 5772 533 8147 1157 6158 8610 1695 8623 5368
22 9708 3127 194 3316 1453 5458 7214 2315 3343 2594 5826 9934 6789 2030 6491 4977 6427 44 9574 2188 3803 3001
24 3412 7597 3741 4426 4644 4200 5713 9521 7769 8679 2105 4720 2666 9845 2213 3646 778 5011 8051 6984 6660 1438 8734 3483
23 8096 8878 6757 3530 9408 6952 2169 2886 6618 2108 5309 1197 7900 6565 5168 1871 1183 4565 5367 4813 8864 9216 7258
23 547 2410 8574 5205 8788 1475 673 4288 1692 5641 5114 4664 9671 801 8902 9431 4772 5822 2251 510 1766 8239 1810
24 2874 1428 2351 3560 3951 2657 2013 7022 8132 3472 7538 8924 7725 2511 2682 3642 6084 302 5706 7746 2744 1132 5267 3847
24 7854 1747 7191 8955 5506 3228 2020 7207 1318 3910 8638 9886 3896 2070 2509 2865 611 1358 2028 403 7405 2647 769 6581
23 9972 5578 1756 7045 5860 5078 2618 4683 3364 2390 8179 370 8843 9199 7524 4496 4198 6769 7758 7813 1632 124 3938
25 676 7924 2442 6865 8776 3993 1188 9363 3574 1778 9125 5162 6017 1248 4787 4116 5508 2695 1889 1378 4367 774 5725 6643 4483
24 730 4355 6019 8275 9152 6823 943 5526 3858 7935 8197 385 3706 8634 6244 1334 9730 4385 7797 7474 5351 212 1144 168
22 6957 7168 3002 4270 6718 4185 8000 9693 3278 8518 9758 5574 8785 1993 1969 9712 6592 3083 8165 339 9350 9099
23 7490 9229 6325 2147 7336 8578 2331 9834 9663 8175 223 4499 4973 6128 8923 6068 6206 4418 8199 7101 2123 1635 9665
25 3928 9219 7032 2371 8193 2955 5862 3740 615 5910 2419 8256 3208 4789 4498 1172 9154 5628 4525 8164 9552 4380 1970 4575 7411
24 4732 5531 8178 4507 3802 5843 546 6026 9226 4793 680 9539 9999 4102 2924 5396 4659 2302 9757 5095 3778 9815 7018 6703
25 8464 2453 8973 6465 9138 9379 8202 1042 667 6240 4955 7987 9705 8427 3148 6977 1383 5019 2319 5189 2372 2393 849 2596 933
26 6916 4307 321 5812 3322 6169 7661 2084 2494 9072 8466 4621 1015 8314 6192 7886 8739 9277 7697 7844 9803 2622 70 2655 2256 7233
25 2366 9452 4343 8805 3979 6000 7775 3065 1576 4591 6604 8098 6777 119 3086 1616 2958 3438 8951 9717 3033 2376 4368 8361 6434
24 8054 2292 244 3572 249 52 7221 5586 7004 1151 8195 5120 4792 1907 8974 8812 9701 5700 9020 9504 1546 5647 6013 2531
23 4118 7883 8459 6719 6663 1955 8449 1127 9124 4035 8939 1482 7617 3965 73 9761 8719 2111 8181 7640 5735 3736 7893